
> @rossrobino/typo@2.0.0 dev
> vite dev --port 5173 --host

▲ [WARNING] Cannot find base config file "./.svelte-kit/tsconfig.json" [tsconfig.json]

    tsconfig.json:2:12:
      2 │   "extends": "./.svelte-kit/tsconfig.json",
        ╵              ~~~~~~~~~~~~~~~~~~~~~~~~~~~~~

12:21:02 AM [vite] (client) Forced re-optimization of dependencies

  VITE v7.1.7  ready in 2487 ms

  ➜  Local:   http://localhost:5173/
  ➜  Network: http://192.168.1.44:5173/
  ➜  press h + enter to show help
node:events:486
      throw er; // Unhandled 'error' event
      ^

Error: read EIO
    at TTY.onStreamRead (node:internal/stream_base_commons:216:20)
Emitted 'error' event on Interface instance at:
    at ReadStream.onerror (node:internal/readline/interface:259:10)
    at ReadStream.emit (node:events:508:28)
    at emitErrorNT (node:internal/streams/destroy:170:8)
    at emitErrorCloseNT (node:internal/streams/destroy:129:3)
    at process.processTicksAndRejections (node:internal/process/task_queues:90:21) {
  errno: -5,
  code: 'EIO',
  syscall: 'read'
}

Node.js v24.7.0
