::1 - - [31/Oct/2025 13:09:55] "HEAD / HTTP/1.1" 200 -
::1 - - [31/Oct/2025 13:10:15] "GET / HTTP/1.1" 200 -
::1 - - [31/Oct/2025 13:10:15] "GET /css/font-editor.css HTTP/1.1" 304 -
::1 - - [31/Oct/2025 13:10:15] "GET /js/font-manager.js HTTP/1.1" 304 -
::1 - - [31/Oct/2025 13:10:15] "GET /js/grid-editor.js HTTP/1.1" 304 -
::1 - - [31/Oct/2025 13:10:15] "GET /js/preview.js HTTP/1.1" 304 -
::1 - - [31/Oct/2025 13:10:15] "GET /js/app.js HTTP/1.1" 304 -
::1 - - [31/Oct/2025 13:10:26] "HEAD / HTTP/1.1" 200 -
::1 - - [31/Oct/2025 13:12:56] "HEAD / HTTP/1.1" 200 -
::1 - - [31/Oct/2025 13:22:20] "HEAD / HTTP/1.1" 200 -
::1 - - [31/Oct/2025 13:35:26] "HEAD / HTTP/1.1" 200 -
::1 - - [31/Oct/2025 13:44:22] "HEAD / HTTP/1.1" 200 -
::1 - - [31/Oct/2025 13:44:59] "HEAD / HTTP/1.1" 200 -
::1 - - [31/Oct/2025 14:04:44] "HEAD / HTTP/1.1" 200 -
::1 - - [31/Oct/2025 14:05:14] "HEAD / HTTP/1.1" 200 -
::1 - - [31/Oct/2025 14:05:44] "HEAD / HTTP/1.1" 200 -
::1 - - [31/Oct/2025 14:31:12] "HEAD / HTTP/1.1" 200 -
::1 - - [31/Oct/2025 14:31:54] "HEAD / HTTP/1.1" 200 -
::1 - - [31/Oct/2025 14:46:43] "HEAD / HTTP/1.1" 200 -
::1 - - [31/Oct/2025 14:50:35] "HEAD / HTTP/1.1" 200 -
::1 - - [31/Oct/2025 14:51:05] "HEAD / HTTP/1.1" 200 -
::1 - - [31/Oct/2025 15:18:57] "HEAD / HTTP/1.1" 200 -
::1 - - [31/Oct/2025 16:03:04] "HEAD / HTTP/1.1" 200 -
::1 - - [31/Oct/2025 16:03:34] "HEAD / HTTP/1.1" 200 -
::1 - - [31/Oct/2025 16:04:04] "HEAD / HTTP/1.1" 200 -
::1 - - [31/Oct/2025 16:04:34] "HEAD / HTTP/1.1" 200 -
::1 - - [31/Oct/2025 16:05:04] "HEAD / HTTP/1.1" 200 -
::1 - - [31/Oct/2025 16:05:34] "HEAD / HTTP/1.1" 200 -
::1 - - [31/Oct/2025 16:06:04] "HEAD / HTTP/1.1" 200 -
::1 - - [31/Oct/2025 16:06:34] "HEAD / HTTP/1.1" 200 -
::1 - - [31/Oct/2025 16:07:04] "HEAD / HTTP/1.1" 200 -
::1 - - [31/Oct/2025 16:07:34] "HEAD / HTTP/1.1" 200 -
::1 - - [31/Oct/2025 16:08:04] "HEAD / HTTP/1.1" 200 -
::1 - - [31/Oct/2025 16:08:34] "HEAD / HTTP/1.1" 200 -
::1 - - [31/Oct/2025 16:09:04] "HEAD / HTTP/1.1" 200 -
::1 - - [31/Oct/2025 16:09:34] "HEAD / HTTP/1.1" 200 -
::1 - - [31/Oct/2025 16:10:04] "HEAD / HTTP/1.1" 200 -
::1 - - [31/Oct/2025 16:10:34] "HEAD / HTTP/1.1" 200 -
::1 - - [31/Oct/2025 16:11:04] "HEAD / HTTP/1.1" 200 -
::1 - - [31/Oct/2025 16:11:34] "HEAD / HTTP/1.1" 200 -
::1 - - [31/Oct/2025 16:13:14] "HEAD / HTTP/1.1" 200 -
::1 - - [31/Oct/2025 16:21:39] "HEAD / HTTP/1.1" 200 -
::1 - - [31/Oct/2025 16:22:09] "HEAD / HTTP/1.1" 200 -
::1 - - [31/Oct/2025 16:22:39] "HEAD / HTTP/1.1" 200 -
::1 - - [31/Oct/2025 16:43:39] "HEAD / HTTP/1.1" 200 -
::1 - - [31/Oct/2025 16:44:40] "HEAD / HTTP/1.1" 200 -
::1 - - [31/Oct/2025 16:45:23] "HEAD / HTTP/1.1" 200 -
::1 - - [31/Oct/2025 16:45:53] "HEAD / HTTP/1.1" 200 -
::1 - - [31/Oct/2025 16:46:23] "HEAD / HTTP/1.1" 200 -
::1 - - [31/Oct/2025 16:49:11] "HEAD / HTTP/1.1" 200 -
::1 - - [31/Oct/2025 16:49:41] "HEAD / HTTP/1.1" 200 -
::1 - - [31/Oct/2025 17:12:50] "HEAD / HTTP/1.1" 200 -
::1 - - [31/Oct/2025 17:13:20] "HEAD / HTTP/1.1" 200 -
::1 - - [31/Oct/2025 17:13:50] "HEAD / HTTP/1.1" 200 -
::1 - - [31/Oct/2025 17:14:20] "HEAD / HTTP/1.1" 200 -
::1 - - [31/Oct/2025 17:14:50] "HEAD / HTTP/1.1" 200 -
::1 - - [31/Oct/2025 17:15:20] "HEAD / HTTP/1.1" 200 -
::1 - - [31/Oct/2025 17:15:50] "HEAD / HTTP/1.1" 200 -
::1 - - [31/Oct/2025 17:24:29] "HEAD / HTTP/1.1" 200 -
::1 - - [31/Oct/2025 17:27:38] "HEAD / HTTP/1.1" 200 -
::1 - - [31/Oct/2025 17:28:08] "HEAD / HTTP/1.1" 200 -
::1 - - [31/Oct/2025 17:51:11] "HEAD / HTTP/1.1" 200 -
::1 - - [31/Oct/2025 18:01:50] "HEAD / HTTP/1.1" 200 -
::1 - - [31/Oct/2025 18:01:51] "GET / HTTP/1.1" 200 -
::1 - - [31/Oct/2025 18:01:51] "GET /js/grid-editor.js HTTP/1.1" 304 -
::1 - - [31/Oct/2025 18:01:51] "GET /js/font-manager.js HTTP/1.1" 304 -
::1 - - [31/Oct/2025 18:01:51] "GET /js/preview.js HTTP/1.1" 304 -
::1 - - [31/Oct/2025 18:01:51] "GET /css/font-editor.css HTTP/1.1" 304 -
::1 - - [31/Oct/2025 18:01:51] "GET /js/app.js HTTP/1.1" 304 -
::1 - - [31/Oct/2025 18:02:21] "HEAD / HTTP/1.1" 200 -
::1 - - [31/Oct/2025 18:02:51] "HEAD / HTTP/1.1" 200 -
::1 - - [31/Oct/2025 18:03:21] "HEAD / HTTP/1.1" 200 -
::1 - - [31/Oct/2025 18:03:51] "HEAD / HTTP/1.1" 200 -
::1 - - [31/Oct/2025 18:04:21] "HEAD / HTTP/1.1" 200 -
::1 - - [31/Oct/2025 18:31:47] "GET / HTTP/1.1" 200 -
::1 - - [31/Oct/2025 18:31:47] "HEAD / HTTP/1.1" 200 -
::1 - - [31/Oct/2025 18:31:47] code 404, message File not found
::1 - - [31/Oct/2025 18:31:47] "GET /apple-touch-icon-precomposed.png HTTP/1.1" 404 -
::1 - - [31/Oct/2025 18:31:47] code 404, message File not found
::1 - - [31/Oct/2025 18:31:47] "GET /apple-touch-icon.png HTTP/1.1" 404 -
::1 - - [31/Oct/2025 18:32:17] "HEAD / HTTP/1.1" 200 -
::1 - - [31/Oct/2025 18:32:24] "GET / HTTP/1.1" 200 -
::1 - - [31/Oct/2025 18:40:52] "HEAD / HTTP/1.1" 200 -
::1 - - [31/Oct/2025 18:41:22] "HEAD / HTTP/1.1" 200 -
::1 - - [31/Oct/2025 18:41:52] "HEAD / HTTP/1.1" 200 -
::1 - - [31/Oct/2025 18:42:22] "HEAD / HTTP/1.1" 200 -
::1 - - [31/Oct/2025 18:42:52] "HEAD / HTTP/1.1" 200 -
::1 - - [31/Oct/2025 18:43:22] "HEAD / HTTP/1.1" 200 -
::1 - - [31/Oct/2025 18:43:52] "HEAD / HTTP/1.1" 200 -
::1 - - [31/Oct/2025 18:44:22] "HEAD / HTTP/1.1" 200 -
::1 - - [31/Oct/2025 18:44:52] "HEAD / HTTP/1.1" 200 -
::1 - - [31/Oct/2025 18:45:04] "GET / HTTP/1.1" 200 -
::1 - - [31/Oct/2025 18:45:22] "HEAD / HTTP/1.1" 200 -
::1 - - [31/Oct/2025 18:45:52] "HEAD / HTTP/1.1" 200 -
::1 - - [31/Oct/2025 18:46:23] "HEAD / HTTP/1.1" 200 -
::1 - - [31/Oct/2025 18:48:56] "HEAD / HTTP/1.1" 200 -
::1 - - [31/Oct/2025 18:49:25] "HEAD / HTTP/1.1" 200 -
::1 - - [31/Oct/2025 18:52:56] "HEAD / HTTP/1.1" 200 -
::1 - - [31/Oct/2025 18:53:26] "HEAD / HTTP/1.1" 200 -
::1 - - [31/Oct/2025 18:53:56] "HEAD / HTTP/1.1" 200 -
::1 - - [31/Oct/2025 18:55:38] "HEAD / HTTP/1.1" 200 -
::1 - - [31/Oct/2025 18:56:08] "HEAD / HTTP/1.1" 200 -
::1 - - [31/Oct/2025 18:56:38] "HEAD / HTTP/1.1" 200 -
::1 - - [31/Oct/2025 18:57:08] "HEAD / HTTP/1.1" 200 -
::1 - - [31/Oct/2025 18:57:38] "HEAD / HTTP/1.1" 200 -
::1 - - [31/Oct/2025 18:58:08] "HEAD / HTTP/1.1" 200 -
::1 - - [31/Oct/2025 18:58:38] "HEAD / HTTP/1.1" 200 -
::1 - - [31/Oct/2025 19:01:35] "GET / HTTP/1.1" 200 -
::1 - - [31/Oct/2025 19:01:35] "HEAD / HTTP/1.1" 200 -
::1 - - [31/Oct/2025 19:02:05] "HEAD / HTTP/1.1" 200 -
::1 - - [31/Oct/2025 19:08:35] "GET / HTTP/1.1" 200 -
::1 - - [31/Oct/2025 19:08:35] "HEAD / HTTP/1.1" 200 -
::1 - - [31/Oct/2025 19:10:47] "HEAD / HTTP/1.1" 200 -
::1 - - [31/Oct/2025 19:10:49] "GET / HTTP/1.1" 200 -
::1 - - [31/Oct/2025 19:11:17] "HEAD / HTTP/1.1" 200 -
::1 - - [31/Oct/2025 19:11:47] "HEAD / HTTP/1.1" 200 -
::1 - - [31/Oct/2025 19:12:17] "HEAD / HTTP/1.1" 200 -
::1 - - [31/Oct/2025 19:13:08] "HEAD / HTTP/1.1" 200 -
::1 - - [31/Oct/2025 19:13:50] "GET / HTTP/1.1" 200 -
::1 - - [31/Oct/2025 19:13:50] code 404, message File not found
::1 - - [31/Oct/2025 19:13:50] "GET /shared/udos-theme.css HTTP/1.1" 404 -
::1 - - [31/Oct/2025 19:13:50] "GET /css/font-editor-v12.css HTTP/1.1" 200 -
::1 - - [31/Oct/2025 19:13:50] code 404, message File not found
::1 - - [31/Oct/2025 19:13:50] "GET /shared/udos-controls.js HTTP/1.1" 404 -
::1 - - [31/Oct/2025 19:13:52] "GET / HTTP/1.1" 200 -
::1 - - [31/Oct/2025 19:13:52] code 404, message File not found
::1 - - [31/Oct/2025 19:13:52] code 404, message File not found
::1 - - [31/Oct/2025 19:13:52] "GET /shared/udos-theme.css HTTP/1.1" 404 -
::1 - - [31/Oct/2025 19:13:52] "GET /shared/udos-controls.js HTTP/1.1" 404 -
::1 - - [31/Oct/2025 19:14:10] "GET / HTTP/1.1" 200 -
::1 - - [31/Oct/2025 19:14:10] code 404, message File not found
::1 - - [31/Oct/2025 19:14:10] "GET /shared/udos-theme.css HTTP/1.1" 404 -
::1 - - [31/Oct/2025 19:14:10] code 404, message File not found
::1 - - [31/Oct/2025 19:14:10] "GET /shared/udos-controls.js HTTP/1.1" 404 -
::1 - - [31/Oct/2025 19:14:10] "GET /css/font-editor-v12.css HTTP/1.1" 304 -
::1 - - [31/Oct/2025 19:17:01] "GET / HTTP/1.1" 200 -
::1 - - [31/Oct/2025 19:17:01] code 404, message File not found
::1 - - [31/Oct/2025 19:17:01] "GET /shared/udos-theme.css HTTP/1.1" 404 -
::1 - - [31/Oct/2025 19:17:01] "GET /css/font-editor-v12.css HTTP/1.1" 200 -
::1 - - [31/Oct/2025 19:17:01] code 404, message File not found
::1 - - [31/Oct/2025 19:17:01] "GET /shared/udos-controls.js HTTP/1.1" 404 -
::1 - - [31/Oct/2025 19:18:33] "GET / HTTP/1.1" 304 -
::1 - - [31/Oct/2025 19:18:33] code 404, message File not found
::1 - - [31/Oct/2025 19:18:33] code 404, message File not found
::1 - - [31/Oct/2025 19:18:33] "GET /shared/udos-theme.css HTTP/1.1" 404 -
::1 - - [31/Oct/2025 19:18:33] "GET /shared/udos-controls.js HTTP/1.1" 404 -
::1 - - [31/Oct/2025 19:18:33] "GET /css/font-editor-v12.css HTTP/1.1" 304 -
::1 - - [31/Oct/2025 19:19:04] "GET / HTTP/1.1" 200 -
::1 - - [31/Oct/2025 19:19:04] code 404, message File not found
::1 - - [31/Oct/2025 19:19:04] "GET /shared/udos-theme.css HTTP/1.1" 404 -
::1 - - [31/Oct/2025 19:19:04] code 404, message File not found
::1 - - [31/Oct/2025 19:19:04] "GET /shared/udos-controls.js HTTP/1.1" 404 -
::1 - - [31/Oct/2025 19:19:07] "GET / HTTP/1.1" 200 -
::1 - - [31/Oct/2025 19:19:07] code 404, message File not found
::1 - - [31/Oct/2025 19:19:07] "GET /shared/udos-controls.js HTTP/1.1" 404 -
::1 - - [31/Oct/2025 19:19:07] code 404, message File not found
::1 - - [31/Oct/2025 19:19:07] "GET /shared/udos-theme.css HTTP/1.1" 404 -
::1 - - [31/Oct/2025 19:19:12] code 404, message File not found
::1 - - [31/Oct/2025 19:19:12] "GET /apple-touch-icon-precomposed.png HTTP/1.1" 404 -
::1 - - [31/Oct/2025 19:19:12] code 404, message File not found
::1 - - [31/Oct/2025 19:19:12] code 404, message File not found
::1 - - [31/Oct/2025 19:19:12] "GET /apple-touch-icon.png HTTP/1.1" 404 -
::1 - - [31/Oct/2025 19:19:12] "GET /favicon.ico HTTP/1.1" 404 -
::1 - - [31/Oct/2025 19:22:08] "GET / HTTP/1.1" 304 -
::1 - - [31/Oct/2025 19:22:08] code 404, message File not found
::1 - - [31/Oct/2025 19:22:08] code 404, message File not found
::1 - - [31/Oct/2025 19:22:08] "GET /shared/udos-theme.css HTTP/1.1" 404 -
::1 - - [31/Oct/2025 19:22:08] "GET /shared/udos-controls.js HTTP/1.1" 404 -
::1 - - [31/Oct/2025 19:22:08] "GET /css/font-editor-v12.css HTTP/1.1" 304 -
::1 - - [31/Oct/2025 19:40:18] "GET / HTTP/1.1" 200 -
::1 - - [31/Oct/2025 19:40:18] code 404, message File not found
::1 - - [31/Oct/2025 19:40:18] "GET /shared/udos-theme.css HTTP/1.1" 404 -
::1 - - [31/Oct/2025 19:40:18] code 404, message File not found
::1 - - [31/Oct/2025 19:40:18] "GET /shared/udos-controls.js HTTP/1.1" 404 -
::1 - - [31/Oct/2025 19:40:18] "GET /css/font-editor-v12.css HTTP/1.1" 304 -
::1 - - [31/Oct/2025 19:40:20] "GET / HTTP/1.1" 200 -
::1 - - [31/Oct/2025 19:40:20] code 404, message File not found
::1 - - [31/Oct/2025 19:40:20] code 404, message File not found
::1 - - [31/Oct/2025 19:40:20] "GET /shared/udos-theme.css HTTP/1.1" 404 -
::1 - - [31/Oct/2025 19:40:20] "GET /shared/udos-controls.js HTTP/1.1" 404 -
::1 - - [31/Oct/2025 19:40:42] code 404, message File not found
::1 - - [31/Oct/2025 19:40:42] "GET /shared/udos-theme.css HTTP/1.1" 404 -
::1 - - [31/Oct/2025 19:40:42] code 404, message File not found
::1 - - [31/Oct/2025 19:40:42] "GET /shared/udos-controls.js HTTP/1.1" 404 -
