[2025-11-02 13:08:16] [SESSION START] 
[2025-11-02 13:08:16] [uDOS> STATUS] 
[2025-11-02 13:08:16] [<ERROR_INVALID_UCODE_FORMAT>] 
[2025-11-02 13:08:16] [uDOS> HELP MAP] 
[2025-11-02 13:08:16] [╔══════════════════════════════════════════════════════════════════════════════╗
║  📖 MAP                                                                       ║
╠══════════════════════════════════════════════════════════════════════════════╣
║  Description:                                                                ║
║     Shows current map position and layer information.                        ║
║                                                                              ║
║  Syntax:                                                                     ║
║    MAP [STATUS|VIEW|LAYER]                                                   ║
║                                                                              ║
║  uCODE Format:                                                               ║
║    [MAP|STATUS]                                                              ║
╚══════════════════════════════════════════════════════════════════════════════╝
] 
[2025-11-02 13:08:16] [uDOS> MAP CREATE example] 
[2025-11-02 13:08:16] [🗺️  Map Status
==============================
Current Location: Melbourne, Australia
TIZO Code: MEL
Cell Reference: JN196
Coordinates: -37.81°, 144.96°
Timezone: AEST (+10:00)
Accessible Layers: SURFACE, CLOUD-OC, SATELLITE-OC, DUNGEON-1

Use 'MAP VIEW' to see the area around you.] 
[2025-11-02 13:08:16] [uDOS> HISTORY] 
[2025-11-02 13:08:16] [❌ Enhanced history system not available] 
[2025-11-02 13:08:16] [uDOS> HISTORY SEARCH map] 
[2025-11-02 13:08:16] [❌ Enhanced history system not available] 
[2025-11-02 13:08:16] [uDOS> HISTORY STATS] 
[2025-11-02 13:08:16] [❌ Enhanced history system not available] 
[2025-11-02 13:08:16] [uDOS> OUTPUT LIST] 
[2025-11-02 13:08:16] [📋 Available Servers:
━━━━━━━━━━━━━━━━━━
typo            - Web markdown editor - ✅ Installed
cmd             - Web terminal emulator - ❌ Not installed
markdown-viewer - GitHub-style MD renderer - ✅ Installed
font-editor     - Bitmap font editor - ✅ Installed
dashboard       - Unified extension hub - ✅ Installed

To install:
  typo:      cd extensions && bash setup_typo.sh
  cmd:       bash extensions/setup_cmd.sh
  markdown-viewer, font-editor, and dashboard are pre-installed

Usage:
  OUTPUT START <name> [--port N] [--no-browser]
  OUTPUT STOP <name>
  OUTPUT STATUS [name]] 
[2025-11-02 13:08:16] [uDOS> HISTORY RECENT 3] 
[2025-11-02 13:08:16] [❌ Enhanced history system not available] 
[2025-11-02 13:08:16] [uDOS> HISTORY SEARCH status] 
[2025-11-02 13:08:16] [❌ Enhanced history system not available] 
[2025-11-02 13:08:16] [SESSION END] 
