[2025-11-14 07:53:08] [SESSION START] 
[2025-11-14 07:53:08] [uDOS> FUNCTION greet()] 
[2025-11-14 07:53:08] [[SYSTEM|ERROR*Invalid command: FUNCTION greet()]] 
[2025-11-14 07:53:08] [uDOS> SET message = "Hello from function!"] 
[2025-11-14 07:53:08] [[SYSTEM|ERROR*Invalid command: SET message = "Hello from function!"]] 
[2025-11-14 07:53:08] [uDOS> RETURN ${message}] 
[2025-11-14 07:53:08] [[SYSTEM|ERROR*Invalid command: RETURN ${message}]] 
[2025-11-14 07:53:08] [uDOS> ENDFUNCTION] 
[2025-11-14 07:53:08] [[SYSTEM|ERROR*Invalid command: ENDFUNCTION]] 
[2025-11-14 07:53:08] [uDOS> CALL greet()] 
[2025-11-14 07:53:08] [[SYSTEM|ERROR*Invalid command: CALL greet()]] 
[2025-11-14 07:53:08] [uDOS> FUNCTION add(a, b)] 
[2025-11-14 07:53:08] [[SYSTEM|ERROR*Invalid command: FUNCTION add(a, b)]] 
[2025-11-14 07:53:08] [uDOS> SET result = ${a} + ${b}] 
[2025-11-14 07:53:08] [[SYSTEM|ERROR*Invalid command: SET result = ${a} + ${b}]] 
[2025-11-14 07:53:08] [uDOS> RETURN ${result}] 
[2025-11-14 07:53:08] [[SYSTEM|ERROR*Invalid command: RETURN ${result}]] 
[2025-11-14 07:53:08] [uDOS> ENDFUNCTION] 
[2025-11-14 07:53:08] [[SYSTEM|ERROR*Invalid command: ENDFUNCTION]] 
[2025-11-14 07:53:08] [uDOS> CALL add(5, 3)] 
[2025-11-14 07:53:08] [[SYSTEM|ERROR*Invalid command: CALL add(5, 3)]] 
[2025-11-14 07:53:08] [uDOS> CALL add(10, 20)] 
[2025-11-14 07:53:08] [[SYSTEM|ERROR*Invalid command: CALL add(10, 20)]] 
[2025-11-14 07:53:08] [uDOS> FUNCTION calculate(x, y)] 
[2025-11-14 07:53:08] [[SYSTEM|ERROR*Invalid command: FUNCTION calculate(x, y)]] 
[2025-11-14 07:53:08] [uDOS> SET sum = ${x} + ${y}] 
[2025-11-14 07:53:08] [[SYSTEM|ERROR*Invalid command: SET sum = ${x} + ${y}]] 
[2025-11-14 07:53:08] [uDOS> SET product = ${x} * ${y}] 
[2025-11-14 07:53:08] [[SYSTEM|ERROR*Invalid command: SET product = ${x} * ${y}]] 
[2025-11-14 07:53:08] [uDOS> RETURN Product: ${product}, Sum: ${sum}] 
[2025-11-14 07:53:08] [[SYSTEM|ERROR*Invalid command: RETURN Product: ${product}, Sum: ${sum}]] 
[2025-11-14 07:53:08] [uDOS> ENDFUNCTION] 
[2025-11-14 07:53:08] [[SYSTEM|ERROR*Invalid command: ENDFUNCTION]] 
[2025-11-14 07:53:08] [uDOS> CALL calculate(4, 7)] 
[2025-11-14 07:53:08] [[SYSTEM|ERROR*Invalid command: CALL calculate(4, 7)]] 
[2025-11-14 07:53:08] [uDOS> FUNCTION factorial(n)] 
[2025-11-14 07:53:08] [[SYSTEM|ERROR*Invalid command: FUNCTION factorial(n)]] 
[2025-11-14 07:53:08] [uDOS> IF ${n} <= 1] 
[2025-11-14 07:53:08] [[SYSTEM|ERROR*Invalid command: IF ${n} <= 1]] 
[2025-11-14 07:53:08] [uDOS> RETURN 1] 
[2025-11-14 07:53:08] [[SYSTEM|ERROR*Invalid command: RETURN 1]] 
[2025-11-14 07:53:08] [uDOS> ELSE] 
[2025-11-14 07:53:08] [[SYSTEM|ERROR*Invalid command: ELSE]] 
[2025-11-14 07:53:08] [uDOS> SET n_minus_1 = ${n} - 1] 
[2025-11-14 07:53:08] [[SYSTEM|ERROR*Invalid command: SET n_minus_1 = ${n} - 1]] 
[2025-11-14 07:53:08] [uDOS> CALL factorial(${n_minus_1})] 
[2025-11-14 07:53:08] [[SYSTEM|ERROR*Invalid command: CALL factorial(${n_minus_1})]] 
[2025-11-14 07:53:08] [uDOS> SET prev_result = ${RETURN_VALUE}] 
[2025-11-14 07:53:08] [[SYSTEM|ERROR*Invalid command: SET prev_result = ${RETURN_VALUE}]] 
[2025-11-14 07:53:08] [uDOS> SET result = ${n} * ${prev_result}] 
[2025-11-14 07:53:08] [[SYSTEM|ERROR*Invalid command: SET result = ${n} * ${prev_result}]] 
[2025-11-14 07:53:08] [uDOS> RETURN ${result}] 
[2025-11-14 07:53:08] [[SYSTEM|ERROR*Invalid command: RETURN ${result}]] 
[2025-11-14 07:53:08] [uDOS> ENDIF] 
[2025-11-14 07:53:08] [[SYSTEM|ERROR*Invalid command: ENDIF]] 
[2025-11-14 07:53:08] [uDOS> ENDFUNCTION] 
[2025-11-14 07:53:08] [[SYSTEM|ERROR*Invalid command: ENDFUNCTION]] 
[2025-11-14 07:53:08] [uDOS> FUNCTION double(num)] 
[2025-11-14 07:53:08] [[SYSTEM|ERROR*Invalid command: FUNCTION double(num)]] 
[2025-11-14 07:53:08] [uDOS> SET doubled = ${num} * 2] 
[2025-11-14 07:53:08] [[SYSTEM|ERROR*Invalid command: SET doubled = ${num} * 2]] 
[2025-11-14 07:53:08] [uDOS> RETURN ${doubled}] 
[2025-11-14 07:53:08] [[SYSTEM|ERROR*Invalid command: RETURN ${doubled}]] 
[2025-11-14 07:53:08] [uDOS> ENDFUNCTION] 
[2025-11-14 07:53:08] [[SYSTEM|ERROR*Invalid command: ENDFUNCTION]] 
[2025-11-14 07:53:08] [uDOS> FUNCTION quadruple(num)] 
[2025-11-14 07:53:08] [[SYSTEM|ERROR*Invalid command: FUNCTION quadruple(num)]] 
[2025-11-14 07:53:08] [uDOS> CALL double(${num})] 
[2025-11-14 07:53:08] [[SYSTEM|ERROR*Invalid command: CALL double(${num})]] 
[2025-11-14 07:53:08] [uDOS> SET temp = ${RETURN_VALUE}] 
[2025-11-14 07:53:08] [[SYSTEM|ERROR*Invalid command: SET temp = ${RETURN_VALUE}]] 
[2025-11-14 07:53:08] [uDOS> CALL double(${temp})] 
[2025-11-14 07:53:08] [[SYSTEM|ERROR*Invalid command: CALL double(${temp})]] 
[2025-11-14 07:53:08] [uDOS> RETURN ${RETURN_VALUE}] 
[2025-11-14 07:53:08] [[SYSTEM|ERROR*Invalid command: RETURN ${RETURN_VALUE}]] 
[2025-11-14 07:53:08] [uDOS> ENDFUNCTION] 
[2025-11-14 07:53:08] [[SYSTEM|ERROR*Invalid command: ENDFUNCTION]] 
[2025-11-14 07:53:08] [uDOS> SET global_var = "I am global"] 
[2025-11-14 07:53:08] [[SYSTEM|ERROR*Invalid command: SET global_var = "I am global"]] 
[2025-11-14 07:53:08] [uDOS> FUNCTION test_scope(param)] 
[2025-11-14 07:53:08] [[SYSTEM|ERROR*Invalid command: FUNCTION test_scope(param)]] 
[2025-11-14 07:53:08] [uDOS> SET local_var = "I am local"] 
[2025-11-14 07:53:08] [[SYSTEM|ERROR*Invalid command: SET local_var = "I am local"]] 
[2025-11-14 07:53:08] [uDOS> SET global_var = "Modified in function"] 
[2025-11-14 07:53:08] [[SYSTEM|ERROR*Invalid command: SET global_var = "Modified in function"]] 
[2025-11-14 07:53:08] [uDOS> RETURN ${local_var}] 
[2025-11-14 07:53:08] [[SYSTEM|ERROR*Invalid command: RETURN ${local_var}]] 
[2025-11-14 07:53:08] [uDOS> ENDFUNCTION] 
[2025-11-14 07:53:08] [[SYSTEM|ERROR*Invalid command: ENDFUNCTION]] 
[2025-11-14 07:53:08] [uDOS> CALL test_scope("test")] 
[2025-11-14 07:53:08] [[SYSTEM|ERROR*Invalid command: CALL test_scope("test")]] 
[2025-11-14 07:53:08] [uDOS> GET global_var] 
[2025-11-14 07:53:08] [[SYSTEM|ERROR*Invalid command: GET global_var]] 
[2025-11-14 07:53:08] [uDOS> FUNCTION make_greeting(name)] 
[2025-11-14 07:53:08] [[SYSTEM|ERROR*Invalid command: FUNCTION make_greeting(name)]] 
[2025-11-14 07:53:08] [uDOS> SET greeting = "Welcome, ${name}!"] 
[2025-11-14 07:53:08] [[SYSTEM|ERROR*Invalid command: SET greeting = "Welcome, ${name}!"]] 
[2025-11-14 07:53:08] [uDOS> RETURN ${greeting}] 
[2025-11-14 07:53:08] [[SYSTEM|ERROR*Invalid command: RETURN ${greeting}]] 
[2025-11-14 07:53:08] [uDOS> ENDFUNCTION] 
[2025-11-14 07:53:08] [[SYSTEM|ERROR*Invalid command: ENDFUNCTION]] 
[2025-11-14 07:53:08] [uDOS> CALL make_greeting("Alice")] 
[2025-11-14 07:53:08] [[SYSTEM|ERROR*Invalid command: CALL make_greeting("Alice")]] 
[2025-11-14 07:53:08] [uDOS> CALL make_greeting("Bob")] 
[2025-11-14 07:53:08] [[SYSTEM|ERROR*Invalid command: CALL make_greeting("Bob")]] 
[2025-11-14 07:53:08] [uDOS> FUNCTION multiply(x, y)] 
[2025-11-14 07:53:08] [[SYSTEM|ERROR*Invalid command: FUNCTION multiply(x, y)]] 
[2025-11-14 07:53:08] [uDOS> SET result = ${x} * ${y}] 
[2025-11-14 07:53:08] [[SYSTEM|ERROR*Invalid command: SET result = ${x} * ${y}]] 
[2025-11-14 07:53:08] [uDOS> RETURN ${result}] 
[2025-11-14 07:53:08] [[SYSTEM|ERROR*Invalid command: RETURN ${result}]] 
[2025-11-14 07:53:08] [uDOS> ENDFUNCTION] 
[2025-11-14 07:53:08] [[SYSTEM|ERROR*Invalid command: ENDFUNCTION]] 
[2025-11-14 07:53:08] [uDOS> CALL multiply(6, 7)] 
[2025-11-14 07:53:08] [[SYSTEM|ERROR*Invalid command: CALL multiply(6, 7)]] 
[2025-11-14 07:53:08] [uDOS> CALL multiply(12, 3)] 
[2025-11-14 07:53:08] [[SYSTEM|ERROR*Invalid command: CALL multiply(12, 3)]] 
[2025-11-14 07:53:08] [SESSION END] 
