[2025-10-31 17:21:28] [SESSION START] 
[2025-10-31 17:21:29] [uDOS> tree] 
[2025-10-31 17:21:29] [рџЊі REPOSITORY STRUCTURE
============================================================

uDOS/
в”њв”Ђв”Ђ core/
в”‚   в”њв”Ђв”Ђ __init__.py
в”‚   в”њв”Ђв”Ђ uDOS_commands.py
в”‚   в”њв”Ђв”Ђ uDOS_completer.py
в”‚   в”њв”Ђв”Ђ uDOS_connection.py
в”‚   в”њв”Ђв”Ђ uDOS_editor.py
в”‚   в”њв”Ђв”Ђ uDOS_env.py
в”‚   в”њв”Ђв”Ђ uDOS_graphics.py
в”‚   в”њв”Ђв”Ђ uDOS_grid.py
в”‚   в”њв”Ђв”Ђ uDOS_health.py
в”‚   в”њв”Ђв”Ђ uDOS_history.py
в”‚   в”њв”Ђв”Ђ uDOS_logger.py
в”‚   в”њв”Ђв”Ђ uDOS_main.py
в”‚   в”њв”Ђв”Ђ uDOS_map.py
в”‚   в”њв”Ђв”Ђ uDOS_offline.py
в”‚   в”њв”Ђв”Ђ uDOS_parser.py
в”‚   в”њв”Ђв”Ђ uDOS_picker.py
в”‚   в”њв”Ђв”Ђ uDOS_prompt.py
в”‚   в”њв”Ђв”Ђ uDOS_server.py
в”‚   в”њв”Ђв”Ђ uDOS_setup.py
в”‚   в”њв”Ђв”Ђ uDOS_splash.py
в”‚   в”њв”Ђв”Ђ uDOS_startup.py
в”‚   в”њв”Ђв”Ђ uDOS_theme.py
в”‚   в”њв”Ђв”Ђ uDOS_tree.py
в”‚   в”њв”Ђв”Ђ uDOS_ucode.py
в”‚   в”њв”Ђв”Ђ uDOS_user.py
в”‚   в”њв”Ђв”Ђ uDOS_variables.py
в”‚   в”њв”Ђв”Ђ uDOS_viewport.py
в”‚   в””в”Ђв”Ђ uDOS_viewport_viz.py
в”њв”Ђв”Ђ data/
в”‚   в”њв”Ђв”Ђ COMMANDS.UDO
в”‚   в”њв”Ђв”Ђ FAQ.UDO
в”‚   в”њв”Ђв”Ђ FONTS.UDO
в”‚   в”њв”Ђв”Ђ LEXICON.UDO
в”‚   в”њв”Ђв”Ђ PALETTE.UDO
в”‚   в”њв”Ђв”Ђ PROMPTS.UDO
в”‚   в”њв”Ђв”Ђ SETUP.USC
в”‚   в”њв”Ђв”Ђ STORY.UDT
в”‚   в”њв”Ђв”Ђ THEMES.UDO
в”‚   в”њв”Ђв”Ђ USER.UDT
в”‚   в””в”Ђв”Ђ WORLDMAP.UDO
в”њв”Ђв”Ђ docs/
в”‚   в”њв”Ђв”Ђ CHANGELOG.md
в”‚   в”њв”Ђв”Ђ CUSTOMIZATION-GUIDE.md
в”‚   в”њв”Ђв”Ђ IMPLEMENTATION-TRACKER.md
в”‚   в”њв”Ђв”Ђ OUTPUT-COMMAND-REFERENCE.md
в”‚   в”њв”Ђв”Ђ V1.2-OPTIMIZATION-SUMMARY.md
в”‚   в”њв”Ђв”Ђ V1.2-RELEASE.md
в”‚   в””в”Ђв”Ђ V1.2-VISUAL-IDENTITY-COMPLETE.md
в”њв”Ђв”Ђ examples/
в”‚   в”њв”Ђв”Ђ color_reference.py
в”‚   в”њв”Ђв”Ђ dashboard_example.txt
в”‚   в”њв”Ђв”Ђ help_detailed_example.txt
в”‚   в”њв”Ђв”Ђ help_example.txt
в”‚   в””в”Ђв”Ђ simple-setup.uscript
в”њв”Ђв”Ђ extensions/
в”‚   в”њв”Ђв”Ђ native/
в”‚   в”њв”Ђв”Ђ web/
в”‚   в”‚   в”њв”Ђв”Ђ dashboard/
в”‚   в”‚   в”‚   в”њв”Ђв”Ђ css/
в”‚   в”‚   в”‚   в”‚   в””в”Ђв”Ђ dashboard.css
в”‚   в”‚   в”‚   в”њв”Ђв”Ђ js/
в”‚   в”‚   в”‚   в”‚   в””в”Ђв”Ђ dashboard.js
в”‚   в”‚   в”‚   в”њв”Ђв”Ђ index.html
в”‚   в”‚   в”‚   в””в”Ђв”Ђ server.py
в”‚   в”‚   в”њв”Ђв”Ђ font-editor/
в”‚   в”‚   в”‚   в”њв”Ђв”Ђ css/
в”‚   в”‚   в”‚   в”‚   в””в”Ђв”Ђ font-editor.css
в”‚   в”‚   в”‚   в”њв”Ђв”Ђ js/
в”‚   в”‚   в”‚   в”‚   в”њв”Ђв”Ђ app.js
в”‚   в”‚   в”‚   в”‚   в”њв”Ђв”Ђ font-manager.js
в”‚   в”‚   в”‚   в”‚   в”њв”Ђв”Ђ grid-editor.js
в”‚   в”‚   в”‚   в”‚   в””в”Ђв”Ђ preview.js
в”‚   в”‚   в”‚   в”њв”Ђв”Ђ lib/
в”‚   в”‚   в”‚   в”њв”Ђв”Ђ templates/
в”‚   в”‚   в”‚   в”њв”Ђв”Ђ README.md
в”‚   в”‚   в”‚   в””в”Ђв”Ђ index.html
в”‚   в”‚   в”њв”Ђв”Ђ markdown-viewer/
в”‚   в”‚   в”‚   в”њв”Ђв”Ђ examples/
в”‚   в”‚   в”‚   в”‚   в””в”Ђв”Ђ ucode-panels.md
в”‚   в”‚   в”‚   в”њв”Ђв”Ђ index.html
в”‚   в”‚   в”‚   в””в”Ђв”Ђ server.py
в”‚   в”‚   в”њв”Ђв”Ђ shared/
в”‚   в”‚   в”‚   в”њв”Ђв”Ђ README.md
в”‚   в”‚   в”‚   в”њв”Ђв”Ђ udos-panels.js
в”‚   в”‚   в”‚   в”њв”Ђв”Ђ udos-syntax.css
в”‚   в”‚   в”‚   в””в”Ђв”Ђ udos-theme.css
в”‚   в”‚   в””в”Ђв”Ђ README.md
в”‚   в”њв”Ђв”Ђ README.md
в”‚   в”њв”Ђв”Ђ setup_cmd.sh
в”‚   в”њв”Ђв”Ђ setup_micro.sh
в”‚   в”њв”Ђв”Ђ setup_monaspace.sh
в”‚   в””в”Ђв”Ђ setup_typo.sh
в”њв”Ђв”Ђ history/
в”‚   в”њв”Ђв”Ђ concepts/
в”‚   в”‚   в”њв”Ђв”Ђ Font-Editor-Analysis.md
в”‚   в”‚   в”њв”Ђв”Ђ Font-Editor-Implementation.md
в”‚   в”‚   в”њв”Ђв”Ђ Round-3-5-Summary.md
в”‚   в”‚   в””в”Ђв”Ђ uDOS-Font-Editor.md
в”‚   в”њв”Ђв”Ђ data/
в”‚   в”‚   в””в”Ђв”Ђ COMMANDS_OLD.UDO
в”‚   в”њв”Ђв”Ђ docs/
в”‚   в”‚   в”њв”Ђв”Ђ v1.2/
в”‚   в”‚   в”‚   в”њв”Ђв”Ђ FIVE_THEME_UPDATE.md
в”‚   в”‚   в”‚   в”њв”Ђв”Ђ ROUND_21_V12_PROGRESS.md
в”‚   в”‚   в”‚   в”њв”Ђв”Ђ THEME_CHEATSHEET.txt
в”‚   в”‚   в”‚   в”њв”Ђв”Ђ THEME_REFERENCE.md
в”‚   в”‚   в”‚   в”њв”Ђв”Ђ V12_COMPLETE_SUMMARY.md
в”‚   в”‚   в”‚   в”њв”Ђв”Ђ V12_ERROR_HANDLING_GUIDE.md
в”‚   в”‚   в”‚   в””в”Ђв”Ђ V12_THEME_SYSTEM_COMPLETE.md
в”‚   в”‚   в”њв”Ђв”Ђ CLEANUP_COMPLETE.md
в”‚   в”‚   в”њв”Ђв”Ђ CORE_REORGANIZATION_20251030.md
в”‚   в”‚   в”њв”Ђв”Ђ Command-Rename-EXTENSIONS-to-OUTPUT.md
в”‚   в”‚   в”њв”Ђв”Ђ DOCUMENTATION_CONSOLIDATION_20251030.md
в”‚   в”‚   в”њв”Ђв”Ђ PHASE8_COMPLETE.md
в”‚   в”‚   в”њв”Ђв”Ђ PHASE9_IMPLEMENTATION_GUIDE.md
в”‚   в”‚   в”њв”Ђв”Ђ Parser-Bugfix-Round-14.md
в”‚   в”‚   в”њв”Ђв”Ђ REPOSITORY_REORGANIZATION_PHASE2_20241031.md
в”‚   в”‚   в”њв”Ђв”Ђ Repository-Reorganization-20251031.md
в”‚   в”‚   в”њв”Ђв”Ђ Round-10-Complete.md
в”‚   в”‚   в”њв”Ђв”Ђ Round-10-Visual-Demo.md
в”‚   в”‚   в”њв”Ђв”Ђ Round-11-Summary.md
в”‚   в”‚   в”њв”Ђв”Ђ Round-12-Summary.md
в”‚   в”‚   в”њв”Ђв”Ђ Round-13-Summary.md
в”‚   в”‚   в”њв”Ђв”Ђ Round-14-FINAL-Summary.md
в”‚   в”‚   в”њв”Ђв”Ђ Round-14-Summary.md
в”‚   в”‚   в”њв”Ђв”Ђ WIKI-PROVISIONING-COMPLETE.md
в”‚   в”‚   в””в”Ђв”Ђ WORKSPACE_CLEANUP_20251030.md
в”‚   в”њв”Ђв”Ђ docs_active/
в”‚   в”‚   в”њв”Ђв”Ђ CHANGELOG.md
в”‚   в”‚   в”њв”Ђв”Ђ COMMANDS-QUICK-REFERENCE.md
в”‚   в”‚   в”њв”Ђв”Ђ DASH-COMMAND.md
в”‚   в”‚   в”њв”Ђв”Ђ IMPLEMENTATION-NON-BLOCKING-SERVERS.md
в”‚   в”‚   в”њв”Ђв”Ђ IMPLEMENTATION-STATUS-DASH.md
в”‚   в”‚   в”њв”Ђв”Ђ REPOSITORY_CLEANUP_20251031.md
в”‚   в”‚   в”њв”Ђв”Ђ WEB-EXTENSIONS-CLI-INTEGRATION.md
в”‚   в”‚   в”њв”Ђв”Ђ WEB-EXTENSIONS-GUIDE.md
в”‚   в”‚   в”њв”Ђв”Ђ WEB-IO-QUICK-START.md
в”‚   в”‚   в”њв”Ђв”Ђ WEB-IO-TESTING.md
в”‚   в”‚   в””в”Ђв”Ђ archive_ROADMAP.md
в”‚   в”њв”Ђв”Ђ extensions/
в”‚   в”‚   в””в”Ђв”Ђ clone_backup/
в”‚   в”‚       в”њв”Ђв”Ђ fonts/
в”‚   в”‚       в”њв”Ђв”Ђ native/
в”‚   в”‚       в”њв”Ђв”Ђ web/
в”‚   в”‚       в”‚   в””в”Ђв”Ђ typo/
в”‚   в”‚       в””в”Ђв”Ђ README.md
в”‚   в”њв”Ђв”Ђ sandbox/
в”‚   в”‚   в”њв”Ђв”Ђ test_scripts/
в”‚   в”‚   в”‚   в”њв”Ђв”Ђ demo_themes.sh
в”‚   в”‚   в”‚   в”њв”Ђв”Ђ reset_theme.uscript
в”‚   в”‚   в”‚   в”њв”Ђв”Ђ test_commands_handler.py
в”‚   в”‚   в”‚   в”њв”Ђв”Ђ test_dashboard.py
в”‚   в”‚   в”‚   в”њв”Ђв”Ђ test_destroy_command.py
в”‚   в”‚   в”‚   в”њв”Ђв”Ђ test_file_picker.py
в”‚   в”‚   в”‚   в”њв”Ђв”Ђ test_repair_enhancements.py
в”‚   в”‚   в”‚   в”њв”Ђв”Ђ test_show_command.py
в”‚   в”‚   в”‚   в”њв”Ђв”Ђ test_theme.uscript
в”‚   в”‚   в”‚   в”њв”Ђв”Ђ test_theme_change.uscript
в”‚   в”‚   в”‚   в”њв”Ђв”Ђ test_theme_complete.uscript
в”‚   в”‚   в”‚   в”њв”Ђв”Ђ test_tree_folders.py
в”‚   в”‚   в”‚   в””в”Ђв”Ђ verify_v12.sh
в”‚   в”‚   в”њв”Ђв”Ђ ROUND18_SUMMARY.md
в”‚   в”‚   в”њв”Ђв”Ђ ROUND18_TEST_PLAN.md
в”‚   в”‚   в”њв”Ђв”Ђ ROUND_20_GUIDE.md
в”‚   в”‚   в””в”Ђв”Ђ test-results-round-13.md
в”‚   в”њв”Ђв”Ђ ALIASES.UDO
в”‚   в””в”Ђв”Ђ uDOS.py
в”њв”Ђв”Ђ knowledge/
в”‚   в”њв”Ђв”Ђ commands/
в”‚   в”њв”Ђв”Ђ concepts/
в”‚   в”њв”Ђв”Ђ datasets/
в”‚   в”њв”Ђв”Ђ faq/
в”‚   в”њв”Ђв”Ђ maps/
в”‚   в”њв”Ђв”Ђ personal/
в”‚   в”‚   в”њв”Ђв”Ђ cheatsheets/
в”‚   в”‚   в”њв”Ђв”Ђ notes/
в”‚   в”‚   в”њв”Ђв”Ђ projects/
в”‚   в”‚   в””в”Ђв”Ђ research/
в”‚   в”њв”Ђв”Ђ KNOWLEDGE-SYSTEM.md
в”‚   в””в”Ђв”Ђ README.md
в”њв”Ђв”Ђ memory/
в”‚   в”њв”Ђв”Ђ archive/
в”‚   в”њв”Ђв”Ђ missions/
в”‚   в”њв”Ђв”Ђ research/
в”‚   в”њв”Ђв”Ђ scripts/
в”‚   в”‚   в”њв”Ђв”Ђ README.md
в”‚   в”‚   в””в”Ђв”Ђ deploy_wiki.sh
в”‚   в””в”Ђв”Ђ README.md
в”њв”Ђв”Ђ sandbox/
в”‚   в”њв”Ђв”Ђ tests/
в”‚   в”‚   в”њв”Ђв”Ђ ai_summary_test.md
в”‚   в”‚   в”њв”Ђв”Ђ control_flow_test.udo
в”‚   в”‚   в”њв”Ђв”Ђ data_script.udo
в”‚   в”‚   в”њв”Ђв”Ђ file_io_test.udo
в”‚   в”‚   в”њв”Ђв”Ђ interactive_font_test.sh
в”‚   в”‚   в”њв”Ђв”Ђ player_sheet.udo
в”‚   в”‚   в”њв”Ђв”Ђ shakedown.uscript
в”‚   в”‚   в”њв”Ђв”Ђ test.udo
в”‚   в”‚   в”њв”Ђв”Ђ test_editors.uscript
в”‚   в”‚   в”њв”Ђв”Ђ test_mapping.uscript
в”‚   в”‚   в”њв”Ђв”Ђ test_output_command.py
в”‚   в”‚   в”њв”Ђв”Ђ test_phase8.uscript
в”‚   в”‚   в”њв”Ђв”Ђ test_phase9.uscript
в”‚   в”‚   в”њв”Ђв”Ђ test_prompt.uscript
в”‚   в”‚   в”њв”Ђв”Ђ test_reboot.uscript
в”‚   в”‚   в”њв”Ђв”Ђ test_restore.uscript
в”‚   в”‚   в”њв”Ђв”Ђ test_v1.1.1.uscript
в”‚   в”‚   в”њв”Ђв”Ђ test_viewport_viz.py
в”‚   в”‚   в”њв”Ђв”Ђ test_web_io.sh
в”‚   в”‚   в”њв”Ђв”Ђ variables_test.udo
в”‚   в”‚   в””в”Ђв”Ђ workspace_test.udo
в”‚   в”њв”Ђв”Ђ USER.UDO
в”‚   в”њв”Ђв”Ђ mini_script.uscript
в”‚   в”њв”Ђв”Ђ shakedown_save.txt
в”‚   в”њв”Ђв”Ђ test_all_themes.uscript
в”‚   в”њв”Ђв”Ђ test_commands.uscript
в”‚   в”њв”Ђв”Ђ test_markdown.md
в”‚   в”њв”Ђв”Ђ test_output.md
в”‚   в””в”Ђв”Ђ test_smart_theme.uscript
в”њв”Ђв”Ђ scripts/
в”‚   в”њв”Ђв”Ђ migrate_to_round19.py
в”‚   в”њв”Ђв”Ђ migrate_to_v1.2.py
в”‚   в””в”Ђв”Ђ test_visual_system.sh
в”њв”Ђв”Ђ wiki/
в”‚   в”њв”Ђв”Ђ Architecture.md
в”‚   в”њв”Ђв”Ђ Command-Reference.md
в”‚   в”њв”Ђв”Ђ Contributing.md
в”‚   в”њв”Ђв”Ђ FAQ.md
в”‚   в”њв”Ђв”Ђ Home.md
в”‚   в”њв”Ђв”Ђ Mapping-System.md
в”‚   в”њв”Ђв”Ђ Quick-Start.md
в”‚   в”њв”Ђв”Ђ README.md
в”‚   в”њв”Ђв”Ђ Style-Guide.md
в”‚   в”њв”Ђв”Ђ _Footer.md
в”‚   в”њв”Ђв”Ђ _Sidebar.md
в”‚   в””в”Ђв”Ђ uCODE-Language.md
в”њв”Ђв”Ђ .env.example
в”њв”Ђв”Ђ .gitignore
в”њв”Ђв”Ђ CONTRIBUTING.md
в”њв”Ђв”Ђ DEVELOPMENT.md
в”њв”Ђв”Ђ LICENSE.txt
в”њв”Ђв”Ђ README.MD
в”њв”Ђв”Ђ ROADMAP.MD
в”њв”Ђв”Ђ requirements.txt
в”њв”Ђв”Ђ start_udos.sh
в”њв”Ђв”Ђ structure.txt
в””в”Ђв”Ђ uDOS.py

============================================================
вњ… Structure saved to: /Users/fredbook/uDOS/structure.txt
   (Respects .gitignore and excludes hidden folders)
] 
[2025-10-31 17:21:29] [SESSION END] 
