[2025-10-30 20:54:17] [SESSION START] 
[2025-10-30 20:54:18] [uDOS> CATALOG] 
[2025-10-30 20:54:18] [Contents of chamber './':
uDOS_main.py
uDOS_history.py
shakedown.uscript
.DS_Store
requirements.txt
uDOS_viewport.py
test_phase8.uscript
uDOS_logger.py
uDOS_commands.py
PHASE8_COMPLETE.md
QUICKSTART.MD
test_reboot.uscript
legacy
ROADMAP.MD.old
PHASE9_IMPLEMENTATION_GUIDE.md
test_phase9.uscript
uDOS_health.py
extensions
README.MD
test_prompt.uscript
uDOS_offline.py
test_v1.1.1.uscript
ROADMAP.MD
.gitignore
knowledge
sandbox
.env
CONTRIBUTING.md
test_restore.uscript
.venv
concepts
CHANGELOG_v1.1.1.MD
uDOS_parser.py
uDOS_connection.py
uDOS_completer.py
uDOS_splash.py
uDOS_user.py
.git
uDOS_grid.py
.vscode
uDOS_setup.py
data
STYLE-GUIDE.MD
start_udos.sh
uDOS_prompt.py] 
[2025-10-30 20:54:18] [uDOS> GRID PANELS LIST] 
[2025-10-30 20:54:18] [main] 
[2025-10-30 20:54:18] [uDOS> STATUS] 
[2025-10-30 20:54:18] [============================================================
📊 uDOS SYSTEM STATUS
============================================================

🌐 Connection Mode: LIMITED

Capabilities:
  ⚠️  AI Commands (Offline mode)
  ✅ Git Operations
  ✅ Web Browsing
  ✅ Local File Operations
  ✅ Offline Logic Engine


📐 Display Configuration:
  Terminal: 54×22 characters
  Device: TERMINAL
  Grid: 13×11 cells
  Total cells: 143

👤 User Profile:
  Name: fredbook
  Timezone: UTC
  Location: Unknown
  Mode: STANDARD

🏥 System Health:
  Python: ✅
  Dependencies: ⚠️ Missing: google-generativeai, python-dotenv

📜 Action History:
  Undo stack: 0 actions
  Redo stack: 0 actions

============================================================] 
[2025-10-30 20:54:18] [SESSION END] 
