[2025-11-04 22:15:56] [SESSION START] 
[2025-11-04 22:15:56] [uDOS> HELP UNDO] 
[2025-11-04 22:15:56] [╔══════════════════════════════════════════════════════════════════════════════╗
║  📖 UNDO                                                                      ║
╠══════════════════════════════════════════════════════════════════════════════╣
║  Description:                                                                ║
║     Undoes the last reversible operation.                                    ║
║                                                                              ║
║  Syntax:                                                                     ║
║    UNDO                                                                      ║
║                                                                              ║
║  uCODE Format:                                                               ║
║    [SYSTEM|UNDO]                                                             ║
╚══════════════════════════════════════════════════════════════════════════════╝
] 
[2025-11-04 22:15:56] [uDOS> HELP REDO] 
[2025-11-04 22:15:56] [╔══════════════════════════════════════════════════════════════════════════════╗
║  📖 REDO                                                                      ║
╠══════════════════════════════════════════════════════════════════════════════╣
║  Description:                                                                ║
║     Redoes the last undone operation.                                        ║
║                                                                              ║
║  Syntax:                                                                     ║
║    REDO                                                                      ║
║                                                                              ║
║  uCODE Format:                                                               ║
║    [SYSTEM|REDO]                                                             ║
╚══════════════════════════════════════════════════════════════════════════════╝
] 
[2025-11-04 22:15:56] [uDOS> RESTORE] 
[2025-11-04 22:15:56] [<ERROR_INVALID_UCODE_FORMAT>] 
[2025-11-04 22:15:56] [uDOS> RESTORE LIST] 
[2025-11-04 22:15:56] [<ERROR_INVALID_UCODE_FORMAT>] 
[2025-11-04 22:15:56] [uDOS> HISTORY] 
[2025-11-04 22:15:56] [📜 Recent Commands (last 10):
┌──────────────────────────────────────────────────────────────────────────────┐
│  1. RESTORE                                                                │
│  2. REDO                                                                   │
│  3. UNDO                                                                   │
│  4. HISTORY                                                                │
│  5. RESTORE LIST                                                           │
│  6. HELP REDO                                                              │
│  7. HELP UNDO                                                              │
│  8. [MAP|STATUS]                                                           │
│  9. [SYSTEM|HISTORY*STATS]                                                 │
│ 10. [SYSTEM|STATUS]                                                        │
└──────────────────────────────────────────────────────────────────────────────┘
💡 Use 'HISTORY SEARCH <term>' to find specific commands] 
[2025-11-04 22:15:56] [uDOS> UNDO] 
[2025-11-04 22:15:56] [⚠️  Nothing to undo.] 
[2025-11-04 22:15:56] [uDOS> REDO] 
[2025-11-04 22:15:56] [⚠️  Nothing to redo.] 
[2025-11-04 22:15:56] [SESSION END] 
