[2025-11-03 22:48:44] [SESSION START] 
[2025-11-03 22:48:44] [uDOS> STATUS] 
[2025-11-03 22:48:44] [<ERROR_INVALID_UCODE_FORMAT>] 
[2025-11-03 22:48:44] [uDOS> FILE RECENT 5] 
[2025-11-03 22:48:44] [📁 Recent Files (last 5)

 1. ❌ sandbox/test_file.txt
     🕒 2025-11-02 12:26:34 (2 times)
     🏷️ unknown

💡 Use: FILE PICK <filename> to select a file] 
[2025-11-03 22:48:44] [uDOS> KNOWLEDGE STATS] 
[2025-11-03 22:48:44] [📊 **Knowledge Base Statistics**

📄 **Total Items:** 6
📝 **Total Words:** 3,732
📂 **Categories:** 3
🕒 **Last Updated:** 2025-11-02T23:29:59.086579
💾 **Database Size:** 0.11 MB

📂 **Category Breakdown:**
   commands: 3 items (63.8%)
   concepts: 1 items (20.7%)
   general: 2 items (15.5%)] 
[2025-11-03 22:48:44] [SESSION END] 
