[2025-10-31 15:34:22] [SESSION START] 
[2025-10-31 15:34:23] [uDOS> THEME SET GALAXY] 
[2025-10-31 15:34:23] [
✅ Theme changed successfully!

  Old: DUNGEON
  New: 🚀 Galactic Hitchhiker (GALAXY)
  Style: Douglas Adams-inspired sci-fi comedy

⚠️  Restart uDOS to apply changes:
   ./start_udos.sh

💡 After restart, use HELP to see new command vocabulary
] 
[2025-10-31 15:34:23] [uDOS> THEME STATUS] 
[2025-10-31 15:34:23] [
🎭 Current Theme
============================================================

  🚀 Galactic Hitchhiker (GALAXY)
  Style: Douglas Adams-inspired sci-fi comedy
  Verbosity: VERY_HIGH

  Navigate the improbability of data with a towel and a sense of humor

  Use THEME LIST to see all available themes
  Use THEME SET <name> to change theme
] 
[2025-10-31 15:34:23] [SESSION END] 
