[2025-11-02 13:24:54] [SESSION START] 
[2025-11-02 13:24:54] [uDOS> OUTPUT LIST] 
[2025-11-02 13:24:54] [📋 Available Servers:
━━━━━━━━━━━━━━━━━━
typo            - Web markdown editor - ✅ Installed
cmd             - Web terminal emulator - ❌ Not installed
markdown-viewer - GitHub-style MD renderer - ✅ Installed
font-editor     - Bitmap font editor - ✅ Installed
dashboard       - Unified extension hub - ✅ Installed

To install:
  typo:      cd extensions && bash setup_typo.sh
  cmd:       bash extensions/setup_cmd.sh
  markdown-viewer, font-editor, and dashboard are pre-installed

Usage:
  OUTPUT START <name> [--port N] [--no-browser]
  OUTPUT STOP <name>
  OUTPUT STATUS [name]] 
[2025-11-02 13:24:54] [uDOS> MAP STATUS] 
[2025-11-02 13:24:54] [🗺️  Map Status
==============================
Current Location: Melbourne, Australia
TIZO Code: MEL
Cell Reference: JN196
Coordinates: -37.81°, 144.96°
Timezone: AEST (+10:00)
Accessible Layers: SURFACE, CLOUD-OC, SATELLITE-OC, DUNGEON-1

Use 'MAP VIEW' to see the area around you.] 
[2025-11-02 13:24:54] [uDOS> HISTORY STATS] 
[2025-11-02 13:24:54] [📊 Command History Statistics:
┌──────────────────────────────────────────────────────────────────────────────┐
│ Total Commands:     14         │ Unique Commands:   11         │
│ Recent Activity:    14         │ Database Size:     ~1400B     │
├──────────────────────────────────────────────────────────────────────────────┤
│ Top Command Types:                                                          │
│   HISTORY              6          times                                          │
│   OUTPUT LIST          2          times                                          │
│   MAP                  2          times                                          │
│   TEST                 1          times                                          │
│   STATUS               1          times                                          │
└──────────────────────────────────────────────────────────────────────────────┘
📁 Database: memory/logs/command_history.db] 
[2025-11-02 13:24:54] [SESSION END] 
