[2025-10-31 18:15:41] [SESSION START] 
[2025-10-31 18:15:42] [uDOS> BLANK] 
[2025-10-31 18:15:42] [The dungeon walls shimmer and clear.] 
[2025-10-31 18:15:42] [uDOS> ECHO "в•җв•җв•җв•җв•җв•җв•җв•җв•җв•җв•җв•җв•җв•җв•җв•җв•җв•җв•җв•җв•җв•җв•җв•җв•җв•җв•җв•җв•җв•җв•җв•җв•җв•җв•җв•җв•җв•җв•җв•җв•җв•җв•җв•җв•җв•җв•җв•җв•җв•җв•җв•җв•җв•җв•җв•җв•җв•җв•җ"] 
[2025-10-31 18:15:42] [[SYSTEM|ERROR*Invalid command: ECHO "в•җв•җв•җв•җв•җв•җв•җв•җв•җв•җв•җв•җв•җв•җв•җв•җв•җв•җв•җв•җв•җв•җв•җв•җв•җв•җв•җв•җв•җв•җв•җв•җв•җв•җв•җв•җв•җв•җв•җв•җв•җв•җв•җв•җв•җв•җв•җв•җв•җв•җв•җв•җв•җв•җв•җв•җв•җв•җв•җ"]] 
[2025-10-31 18:15:42] [uDOS> ECHO "  Testing uDOS File Management System"] 
[2025-10-31 18:15:42] [[SYSTEM|ERROR*Invalid command: ECHO "  Testing uDOS File Management System"]] 
[2025-10-31 18:15:42] [uDOS> ECHO "в•җв•җв•җв•җв•җв•җв•җв•җв•җв•җв•җв•җв•җв•җв•җв•җв•җв•җв•җв•җв•җв•җв•җв•җв•җв•җв•җв•җв•җв•җв•җв•җв•җв•җв•җв•җв•җв•җв•җв•җв•җв•җв•җв•җв•җв•җв•җв•җв•җв•җв•җв•җв•җв•җв•җв•җв•җв•җв•җ"] 
[2025-10-31 18:15:42] [[SYSTEM|ERROR*Invalid command: ECHO "в•җв•җв•җв•җв•җв•җв•җв•җв•җв•җв•җв•җв•җв•җв•җв•җв•җв•җв•җв•җв•җв•җв•җв•җв•җв•җв•җв•җв•җв•җв•җв•җв•җв•җв•җв•җв•җв•җв•җв•җв•җв•җв•җв•җв•җв•җв•җв•җв•җв•җв•җв•җв•җв•җв•җв•җв•җв•җв•җ"]] 
[2025-10-31 18:15:42] [uDOS> ECHO ""] 
[2025-10-31 18:15:42] [[SYSTEM|ERROR*Invalid command: ECHO ""]] 
[2025-10-31 18:15:42] [uDOS> ECHO "рҹ“Ғ Test 1: Workspace Management"] 
[2025-10-31 18:15:42] [[SYSTEM|ERROR*Invalid command: ECHO "рҹ“Ғ Test 1: Workspace Management"]] 
[2025-10-31 18:15:42] [uDOS> ECHO "--------------------------------"] 
[2025-10-31 18:15:42] [[SYSTEM|ERROR*Invalid command: ECHO "--------------------------------"]] 
[2025-10-31 18:15:42] [uDOS> WORKSPACE LIST] 
[2025-10-31 18:15:42] [
рҹ“Ғ Workspaces
============================================================

  вҶ’ рҹ§Ә SANDBOX      9 files  Temporary workspace for experiments
    рҹ’ҫ MEMORY       1 files  Long-term storage for completed work
    вҡҷпёҸ DATA        12 files  System data and configurations

рҹ’Ў WORKSPACE SWITCH <name> to change workspaces
] 
[2025-10-31 18:15:42] [uDOS> ECHO ""] 
[2025-10-31 18:15:42] [[SYSTEM|ERROR*Invalid command: ECHO ""]] 
[2025-10-31 18:15:42] [uDOS> WORKSPACE STATUS] 
[2025-10-31 18:15:42] [
рҹ“Ғ Current Workspace SANDBOX
============================================================
рҹ“Ҡ 9 files

  рҹ“„ .server_state.json                  562 bytes
  рҹ“„ USER.UDO                           1141 bytes
  рҹ“„ mini_script.uscript                   0 bytes
  рҹ“„ shakedown_save.txt                    0 bytes
  рҹ“„ test_all_themes.uscript             449 bytes
  рҹ“„ test_commands.uscript               329 bytes
  рҹ“„ test_markdown.md                   2809 bytes
  рҹ“„ test_output.md                     8703 bytes
  рҹ“„ test_smart_theme.uscript             53 bytes

рҹ’Ў Use TREE to see full directory structure
] 
[2025-10-31 18:15:42] [uDOS> ECHO ""] 
[2025-10-31 18:15:42] [[SYSTEM|ERROR*Invalid command: ECHO ""]] 
[2025-10-31 18:15:42] [uDOS> ECHO "вҡҷпёҸ  Test 2: Settings Display"] 
[2025-10-31 18:15:42] [[SYSTEM|ERROR*Invalid command: ECHO "вҡҷпёҸ  Test 2: Settings Display"]] 
[2025-10-31 18:15:42] [uDOS> ECHO "----------------------------"] 
[2025-10-31 18:15:42] [[SYSTEM|ERROR*Invalid command: ECHO "----------------------------"]] 
[2025-10-31 18:15:42] [uDOS> SETTINGS SHOW] 
[2025-10-31 18:15:42] [
вҡҷпёҸ  uDOS Settings
============================================================

рҹ‘Ө User
  Username      {{USER_NAME}}
  Display Name  {{USER_NAME}}
  Email         Not set
  Avatar        рҹҢҖ
  Location      {{USER_LOCATION}}

рҹ–ҘпёҸ  System
  Theme         DUNGEON
  Color Mode    DARK
  Timezone      {{USER_TIMEZONE}}

рҹ“Ғ Workspace
  Default       sandbox
  Auto-save     True
  Backups       True

рҹ’Ў SETTINGS EDIT to change settings
] 
[2025-10-31 18:15:42] [uDOS> ECHO ""] 
[2025-10-31 18:15:42] [[SYSTEM|ERROR*Invalid command: ECHO ""]] 
[2025-10-31 18:15:42] [uDOS> ECHO "рҹ“„ Test 3: Current Workspace Files"] 
[2025-10-31 18:15:42] [[SYSTEM|ERROR*Invalid command: ECHO "рҹ“„ Test 3: Current Workspace Files"]] 
[2025-10-31 18:15:42] [uDOS> ECHO "-----------------------------------"] 
[2025-10-31 18:15:42] [[SYSTEM|ERROR*Invalid command: ECHO "-----------------------------------"]] 
[2025-10-31 18:15:42] [uDOS> TREE] 
[2025-10-31 18:15:42] [рҹҢі REPOSITORY STRUCTURE
============================================================

uDOS/
в”ңв”Җв”Җ core/
в”Ӯ   в”ңв”Җв”Җ __init__.py
в”Ӯ   в”ңв”Җв”Җ uDOS_commands.py
в”Ӯ   в”ңв”Җв”Җ uDOS_completer.py
в”Ӯ   в”ңв”Җв”Җ uDOS_connection.py
в”Ӯ   в”ңв”Җв”Җ uDOS_editor.py
в”Ӯ   в”ңв”Җв”Җ uDOS_env.py
в”Ӯ   в”ңв”Җв”Җ uDOS_files.py
в”Ӯ   в”ңв”Җв”Җ uDOS_graphics.py
в”Ӯ   в”ңв”Җв”Җ uDOS_grid.py
в”Ӯ   в”ңв”Җв”Җ uDOS_health.py
в”Ӯ   в”ңв”Җв”Җ uDOS_history.py
в”Ӯ   в”ңв”Җв”Җ uDOS_interactive.py
в”Ӯ   в”ңв”Җв”Җ uDOS_logger.py
в”Ӯ   в”ңв”Җв”Җ uDOS_main.py
в”Ӯ   в”ңв”Җв”Җ uDOS_map.py
в”Ӯ   в”ңв”Җв”Җ uDOS_offline.py
в”Ӯ   в”ңв”Җв”Җ uDOS_parser.py
в”Ӯ   в”ңв”Җв”Җ uDOS_picker.py
в”Ӯ   в”ңв”Җв”Җ uDOS_prompt.py
в”Ӯ   в”ңв”Җв”Җ uDOS_server.py
в”Ӯ   в”ңв”Җв”Җ uDOS_settings.py
в”Ӯ   в”ңв”Җв”Җ uDOS_setup.py
в”Ӯ   в”ңв”Җв”Җ uDOS_splash.py
в”Ӯ   в”ңв”Җв”Җ uDOS_startup.py
в”Ӯ   в”ңв”Җв”Җ uDOS_theme.py
в”Ӯ   в”ңв”Җв”Җ uDOS_tree.py
в”Ӯ   в”ңв”Җв”Җ uDOS_ucode.py
в”Ӯ   в”ңв”Җв”Җ uDOS_user.py
в”Ӯ   в”ңв”Җв”Җ uDOS_variables.py
в”Ӯ   в”ңв”Җв”Җ uDOS_viewport.py
в”Ӯ   в””в”Җв”Җ uDOS_viewport_viz.py
в”ңв”Җв”Җ data/
в”Ӯ   в”ңв”Җв”Җ COMMANDS.UDO
в”Ӯ   в”ңв”Җв”Җ FAQ.UDO
в”Ӯ   в”ңв”Җв”Җ FONTS.UDO
в”Ӯ   в”ңв”Җв”Җ LEXICON.UDO
в”Ӯ   в”ңв”Җв”Җ PALETTE.UDO
в”Ӯ   в”ңв”Җв”Җ PROMPTS.UDO
в”Ӯ   в”ңв”Җв”Җ SETUP.USC
в”Ӯ   в”ңв”Җв”Җ STORY.UDT
в”Ӯ   в”ңв”Җв”Җ THEMES.UDO
в”Ӯ   в”ңв”Җв”Җ USER.UDT
в”Ӯ   в””в”Җв”Җ WORLDMAP.UDO
в”ңв”Җв”Җ docs/
в”Ӯ   в”ңв”Җв”Җ CHANGELOG.md
в”Ӯ   в”ңв”Җв”Җ CUSTOMIZATION-GUIDE.md
в”Ӯ   в”ңв”Җв”Җ IMPLEMENTATION-TRACKER.md
в”Ӯ   в”ңв”Җв”Җ OUTPUT-COMMAND-REFERENCE.md
в”Ӯ   в”ңв”Җв”Җ V1.2-DYNAMIC-COMMANDS-WEB-TERMINAL.md
в”Ӯ   в”ңв”Җв”Җ V1.2-OPTIMIZATION-SUMMARY.md
в”Ӯ   в”ңв”Җв”Җ V1.2-RELEASE.md
в”Ӯ   в”ңв”Җв”Җ V1.2-SMART-COMMANDS.md
в”Ӯ   в”ңв”Җв”Җ V1.2-UI-CLEANUP.md
в”Ӯ   в””в”Җв”Җ V1.2-VISUAL-IDENTITY-COMPLETE.md
в”ңв”Җв”Җ examples/
в”Ӯ   в”ңв”Җв”Җ color_reference.py
в”Ӯ   в”ңв”Җв”Җ dashboard_example.txt
в”Ӯ   в”ңв”Җв”Җ help_detailed_example.txt
в”Ӯ   в”ңв”Җв”Җ help_example.txt
в”Ӯ   в””в”Җв”Җ simple-setup.uscript
в”ңв”Җв”Җ extensions/
в”Ӯ   в”ңв”Җв”Җ native/
в”Ӯ   в”ңв”Җв”Җ web/
в”Ӯ   в”Ӯ   в”ңв”Җв”Җ dashboard/
в”Ӯ   в”Ӯ   в”Ӯ   в”ңв”Җв”Җ css/
в”Ӯ   в”Ӯ   в”Ӯ   в”Ӯ   в””в”Җв”Җ dashboard.css
в”Ӯ   в”Ӯ   в”Ӯ   в”ңв”Җв”Җ js/
в”Ӯ   в”Ӯ   в”Ӯ   в”Ӯ   в””в”Җв”Җ dashboard.js
в”Ӯ   в”Ӯ   в”Ӯ   в”ңв”Җв”Җ index.html
в”Ӯ   в”Ӯ   в”Ӯ   в””в”Җв”Җ server.py
в”Ӯ   в”Ӯ   в”ңв”Җв”Җ font-editor/
в”Ӯ   в”Ӯ   в”Ӯ   в”ңв”Җв”Җ css/
в”Ӯ   в”Ӯ   в”Ӯ   в”Ӯ   в””в”Җв”Җ font-editor.css
в”Ӯ   в”Ӯ   в”Ӯ   в”ңв”Җв”Җ js/
в”Ӯ   в”Ӯ   в”Ӯ   в”Ӯ   в”ңв”Җв”Җ app.js
в”Ӯ   в”Ӯ   в”Ӯ   в”Ӯ   в”ңв”Җв”Җ font-manager.js
в”Ӯ   в”Ӯ   в”Ӯ   в”Ӯ   в”ңв”Җв”Җ grid-editor.js
в”Ӯ   в”Ӯ   в”Ӯ   в”Ӯ   в””в”Җв”Җ preview.js
в”Ӯ   в”Ӯ   в”Ӯ   в”ңв”Җв”Җ lib/
в”Ӯ   в”Ӯ   в”Ӯ   в”ңв”Җв”Җ templates/
в”Ӯ   в”Ӯ   в”Ӯ   в”ңв”Җв”Җ README.md
в”Ӯ   в”Ӯ   в”Ӯ   в””в”Җв”Җ index.html
в”Ӯ   в”Ӯ   в”ңв”Җв”Җ markdown-viewer/
в”Ӯ   в”Ӯ   в”Ӯ   в”ңв”Җв”Җ examples/
в”Ӯ   в”Ӯ   в”Ӯ   в”Ӯ   в””в”Җв”Җ ucode-panels.md
в”Ӯ   в”Ӯ   в”Ӯ   в”ңв”Җв”Җ index.html
в”Ӯ   в”Ӯ   в”Ӯ   в””в”Җв”Җ server.py
в”Ӯ   в”Ӯ   в”ңв”Җв”Җ shared/
в”Ӯ   в”Ӯ   в”Ӯ   в”ңв”Җв”Җ README.md
в”Ӯ   в”Ӯ   в”Ӯ   в”ңв”Җв”Җ udos-panels.js
в”Ӯ   в”Ӯ   в”Ӯ   в”ңв”Җв”Җ udos-syntax.css
в”Ӯ   в”Ӯ   в”Ӯ   в””в”Җв”Җ udos-theme.css
в”Ӯ   в”Ӯ   в”ңв”Җв”Җ terminal/
в”Ӯ   в”Ӯ   в”Ӯ   в”ңв”Җв”Җ QUICKSTART.md
в”Ӯ   в”Ӯ   в”Ӯ   в”ңв”Җв”Җ README.md
в”Ӯ   в”Ӯ   в”Ӯ   в”ңв”Җв”Җ index.html
в”Ӯ   в”Ӯ   в”Ӯ   в””в”Җв”Җ server.py
в”Ӯ   в”Ӯ   в””в”Җв”Җ README.md
в”Ӯ   в”ңв”Җв”Җ README.md
в”Ӯ   в”ңв”Җв”Җ setup_cmd.sh
в”Ӯ   в”ңв”Җв”Җ setup_micro.sh
в”Ӯ   в”ңв”Җв”Җ setup_monaspace.sh
в”Ӯ   в””в”Җв”Җ setup_typo.sh
в”ңв”Җв”Җ history/
в”Ӯ   в”ңв”Җв”Җ concepts/
в”Ӯ   в”Ӯ   в”ңв”Җв”Җ Font-Editor-Analysis.md
в”Ӯ   в”Ӯ   в”ңв”Җв”Җ Font-Editor-Implementation.md
в”Ӯ   в”Ӯ   в”ңв”Җв”Җ Round-3-5-Summary.md
в”Ӯ   в”Ӯ   в””в”Җв”Җ uDOS-Font-Editor.md
в”Ӯ   в”ңв”Җв”Җ data/
в”Ӯ   в”Ӯ   в””в”Җв”Җ COMMANDS_OLD.UDO
в”Ӯ   в”ңв”Җв”Җ docs/
в”Ӯ   в”Ӯ   в”ңв”Җв”Җ v1.2/
в”Ӯ   в”Ӯ   в”Ӯ   в”ңв”Җв”Җ FIVE_THEME_UPDATE.md
в”Ӯ   в”Ӯ   в”Ӯ   в”ңв”Җв”Җ ROUND_21_V12_PROGRESS.md
в”Ӯ   в”Ӯ   в”Ӯ   в”ңв”Җв”Җ THEME_CHEATSHEET.txt
в”Ӯ   в”Ӯ   в”Ӯ   в”ңв”Җв”Җ THEME_REFERENCE.md
в”Ӯ   в”Ӯ   в”Ӯ   в”ңв”Җв”Җ V12_COMPLETE_SUMMARY.md
в”Ӯ   в”Ӯ   в”Ӯ   в”ңв”Җв”Җ V12_ERROR_HANDLING_GUIDE.md
в”Ӯ   в”Ӯ   в”Ӯ   в””в”Җв”Җ V12_THEME_SYSTEM_COMPLETE.md
в”Ӯ   в”Ӯ   в”ңв”Җв”Җ CLEANUP_COMPLETE.md
в”Ӯ   в”Ӯ   в”ңв”Җв”Җ CORE_REORGANIZATION_20251030.md
в”Ӯ   в”Ӯ   в”ңв”Җв”Җ Command-Rename-EXTENSIONS-to-OUTPUT.md
в”Ӯ   в”Ӯ   в”ңв”Җв”Җ DOCUMENTATION_CONSOLIDATION_20251030.md
в”Ӯ   в”Ӯ   в”ңв”Җв”Җ PHASE8_COMPLETE.md
в”Ӯ   в”Ӯ   в”ңв”Җв”Җ PHASE9_IMPLEMENTATION_GUIDE.md
в”Ӯ   в”Ӯ   в”ңв”Җв”Җ Parser-Bugfix-Round-14.md
в”Ӯ   в”Ӯ   в”ңв”Җв”Җ REPOSITORY_REORGANIZATION_PHASE2_20241031.md
в”Ӯ   в”Ӯ   в”ңв”Җв”Җ Repository-Reorganization-20251031.md
в”Ӯ   в”Ӯ   в”ңв”Җв”Җ Round-10-Complete.md
в”Ӯ   в”Ӯ   в”ңв”Җв”Җ Round-10-Visual-Demo.md
в”Ӯ   в”Ӯ   в”ңв”Җв”Җ Round-11-Summary.md
в”Ӯ   в”Ӯ   в”ңв”Җв”Җ Round-12-Summary.md
в”Ӯ   в”Ӯ   в”ңв”Җв”Җ Round-13-Summary.md
в”Ӯ   в”Ӯ   в”ңв”Җв”Җ Round-14-FINAL-Summary.md
в”Ӯ   в”Ӯ   в”ңв”Җв”Җ Round-14-Summary.md
в”Ӯ   в”Ӯ   в”ңв”Җв”Җ WIKI-PROVISIONING-COMPLETE.md
в”Ӯ   в”Ӯ   в””в”Җв”Җ WORKSPACE_CLEANUP_20251030.md
в”Ӯ   в”ңв”Җв”Җ docs_active/
в”Ӯ   в”Ӯ   в”ңв”Җв”Җ CHANGELOG.md
в”Ӯ   в”Ӯ   в”ңв”Җв”Җ COMMANDS-QUICK-REFERENCE.md
в”Ӯ   в”Ӯ   в”ңв”Җв”Җ DASH-COMMAND.md
в”Ӯ   в”Ӯ   в”ңв”Җв”Җ IMPLEMENTATION-NON-BLOCKING-SERVERS.md
в”Ӯ   в”Ӯ   в”ңв”Җв”Җ IMPLEMENTATION-STATUS-DASH.md
в”Ӯ   в”Ӯ   в”ңв”Җв”Җ REPOSITORY_CLEANUP_20251031.md
в”Ӯ   в”Ӯ   в”ңв”Җв”Җ WEB-EXTENSIONS-CLI-INTEGRATION.md
в”Ӯ   в”Ӯ   в”ңв”Җв”Җ WEB-EXTENSIONS-GUIDE.md
в”Ӯ   в”Ӯ   в”ңв”Җв”Җ WEB-IO-QUICK-START.md
в”Ӯ   в”Ӯ   в”ңв”Җв”Җ WEB-IO-TESTING.md
в”Ӯ   в”Ӯ   в””в”Җв”Җ archive_ROADMAP.md
в”Ӯ   в”ңв”Җв”Җ extensions/
в”Ӯ   в”Ӯ   в””в”Җв”Җ clone_backup/
в”Ӯ   в”Ӯ       в”ңв”Җв”Җ fonts/
в”Ӯ   в”Ӯ       в”ңв”Җв”Җ native/
в”Ӯ   в”Ӯ       в”ңв”Җв”Җ web/
в”Ӯ   в”Ӯ       в”Ӯ   в””в”Җв”Җ typo/
в”Ӯ   в”Ӯ       в””в”Җв”Җ README.md
в”Ӯ   в”ңв”Җв”Җ sandbox/
в”Ӯ   в”Ӯ   в”ңв”Җв”Җ test_scripts/
в”Ӯ   в”Ӯ   в”Ӯ   в”ңв”Җв”Җ demo_themes.sh
в”Ӯ   в”Ӯ   в”Ӯ   в”ңв”Җв”Җ reset_theme.uscript
в”Ӯ   в”Ӯ   в”Ӯ   в”ңв”Җв”Җ test_commands_handler.py
в”Ӯ   в”Ӯ   в”Ӯ   в”ңв”Җв”Җ test_dashboard.py
в”Ӯ   в”Ӯ   в”Ӯ   в”ңв”Җв”Җ test_destroy_command.py
в”Ӯ   в”Ӯ   в”Ӯ   в”ңв”Җв”Җ test_file_picker.py
в”Ӯ   в”Ӯ   в”Ӯ   в”ңв”Җв”Җ test_repair_enhancements.py
в”Ӯ   в”Ӯ   в”Ӯ   в”ңв”Җв”Җ test_show_command.py
в”Ӯ   в”Ӯ   в”Ӯ   в”ңв”Җв”Җ test_theme.uscript
в”Ӯ   в”Ӯ   в”Ӯ   в”ңв”Җв”Җ test_theme_change.uscript
в”Ӯ   в”Ӯ   в”Ӯ   в”ңв”Җв”Җ test_theme_complete.uscript
в”Ӯ   в”Ӯ   в”Ӯ   в”ңв”Җв”Җ test_tree_folders.py
в”Ӯ   в”Ӯ   в”Ӯ   в””в”Җв”Җ verify_v12.sh
в”Ӯ   в”Ӯ   в”ңв”Җв”Җ ROUND18_SUMMARY.md
в”Ӯ   в”Ӯ   в”ңв”Җв”Җ ROUND18_TEST_PLAN.md
в”Ӯ   в”Ӯ   в”ңв”Җв”Җ ROUND_20_GUIDE.md
в”Ӯ   в”Ӯ   в””в”Җв”Җ test-results-round-13.md
в”Ӯ   в”ңв”Җв”Җ ALIASES.UDO
в”Ӯ   в””в”Җв”Җ uDOS.py
в”ңв”Җв”Җ knowledge/
в”Ӯ   в”ңв”Җв”Җ commands/
в”Ӯ   в”ңв”Җв”Җ concepts/
в”Ӯ   в”ңв”Җв”Җ datasets/
в”Ӯ   в”ңв”Җв”Җ faq/
в”Ӯ   в”ңв”Җв”Җ maps/
в”Ӯ   в”ңв”Җв”Җ personal/
в”Ӯ   в”Ӯ   в”ңв”Җв”Җ cheatsheets/
в”Ӯ   в”Ӯ   в”ңв”Җв”Җ notes/
в”Ӯ   в”Ӯ   в”ңв”Җв”Җ projects/
в”Ӯ   в”Ӯ   в””в”Җв”Җ research/
в”Ӯ   в”ңв”Җв”Җ KNOWLEDGE-SYSTEM.md
в”Ӯ   в””в”Җв”Җ README.md
в”ңв”Җв”Җ memory/
в”Ӯ   в”ңв”Җв”Җ archive/
в”Ӯ   в”ңв”Җв”Җ missions/
в”Ӯ   в”ңв”Җв”Җ research/
в”Ӯ   в”ңв”Җв”Җ scripts/
в”Ӯ   в”Ӯ   в”ңв”Җв”Җ README.md
в”Ӯ   в”Ӯ   в””в”Җв”Җ deploy_wiki.sh
в”Ӯ   в””в”Җв”Җ README.md
в”ңв”Җв”Җ sandbox/
в”Ӯ   в”ңв”Җв”Җ tests/
в”Ӯ   в”Ӯ   в”ңв”Җв”Җ ai_summary_test.md
в”Ӯ   в”Ӯ   в”ңв”Җв”Җ control_flow_test.udo
в”Ӯ   в”Ӯ   в”ңв”Җв”Җ data_script.udo
в”Ӯ   в”Ӯ   в”ңв”Җв”Җ file_io_test.udo
в”Ӯ   в”Ӯ   в”ңв”Җв”Җ interactive_font_test.sh
в”Ӯ   в”Ӯ   в”ңв”Җв”Җ player_sheet.udo
в”Ӯ   в”Ӯ   в”ңв”Җв”Җ shakedown.uscript
в”Ӯ   в”Ӯ   в”ңв”Җв”Җ test.udo
в”Ӯ   в”Ӯ   в”ңв”Җв”Җ test_editors.uscript
в”Ӯ   в”Ӯ   в”ңв”Җв”Җ test_file_commands.uscript
в”Ӯ   в”Ӯ   в”ңв”Җв”Җ test_mapping.uscript
в”Ӯ   в”Ӯ   в”ңв”Җв”Җ test_output_command.py
в”Ӯ   в”Ӯ   в”ңв”Җв”Җ test_phase8.uscript
в”Ӯ   в”Ӯ   в”ңв”Җв”Җ test_phase9.uscript
в”Ӯ   в”Ӯ   в”ңв”Җв”Җ test_prompt.uscript
в”Ӯ   в”Ӯ   в”ңв”Җв”Җ test_reboot.uscript
в”Ӯ   в”Ӯ   в”ңв”Җв”Җ test_restore.uscript
в”Ӯ   в”Ӯ   в”ңв”Җв”Җ test_v1.1.1.uscript
в”Ӯ   в”Ӯ   в”ңв”Җв”Җ test_viewport_viz.py
в”Ӯ   в”Ӯ   в”ңв”Җв”Җ test_web_io.sh
в”Ӯ   в”Ӯ   в”ңв”Җв”Җ variables_test.udo
в”Ӯ   в”Ӯ   в””в”Җв”Җ workspace_test.udo
в”Ӯ   в”ңв”Җв”Җ USER.UDO
в”Ӯ   в”ңв”Җв”Җ mini_script.uscript
в”Ӯ   в”ңв”Җв”Җ shakedown_save.txt
в”Ӯ   в”ңв”Җв”Җ test_all_themes.uscript
в”Ӯ   в”ңв”Җв”Җ test_commands.uscript
в”Ӯ   в”ңв”Җв”Җ test_markdown.md
в”Ӯ   в”ңв”Җв”Җ test_output.md
в”Ӯ   в””в”Җв”Җ test_smart_theme.uscript
в”ңв”Җв”Җ scripts/
в”Ӯ   в”ңв”Җв”Җ migrate_to_round19.py
в”Ӯ   в”ңв”Җв”Җ migrate_to_v1.2.py
в”Ӯ   в””в”Җв”Җ test_visual_system.sh
в”ңв”Җв”Җ wiki/
в”Ӯ   в”ңв”Җв”Җ Architecture.md
в”Ӯ   в”ңв”Җв”Җ Command-Reference.md
в”Ӯ   в”ңв”Җв”Җ Contributing.md
в”Ӯ   в”ңв”Җв”Җ FAQ.md
в”Ӯ   в”ңв”Җв”Җ Home.md
в”Ӯ   в”ңв”Җв”Җ Mapping-System.md
в”Ӯ   в”ңв”Җв”Җ Quick-Start.md
в”Ӯ   в”ңв”Җв”Җ README.md
в”Ӯ   в”ңв”Җв”Җ Style-Guide.md
в”Ӯ   в”ңв”Җв”Җ _Footer.md
в”Ӯ   в”ңв”Җв”Җ _Sidebar.md
в”Ӯ   в””в”Җв”Җ uCODE-Language.md
в”ңв”Җв”Җ .env.example
в”ңв”Җв”Җ .gitignore
в”ңв”Җв”Җ CONTRIBUTING.md
в”ңв”Җв”Җ DEVELOPMENT.md
в”ңв”Җв”Җ LICENSE.txt
в”ңв”Җв”Җ README.MD
в”ңв”Җв”Җ ROADMAP.MD
в”ңв”Җв”Җ requirements.txt
в”ңв”Җв”Җ start_udos.sh
в”ңв”Җв”Җ structure.txt
в””в”Җв”Җ uDOS.py

============================================================
вң… Structure saved to: /Users/fredbook/uDOS/structure.txt
   (Respects .gitignore and excludes hidden folders)
] 
[2025-10-31 18:15:42] [uDOS> ECHO ""] 
[2025-10-31 18:15:42] [[SYSTEM|ERROR*Invalid command: ECHO ""]] 
[2025-10-31 18:15:42] [uDOS> ECHO "вң… All tests completed!"] 
[2025-10-31 18:15:42] [[SYSTEM|ERROR*Invalid command: ECHO "вң… All tests completed!"]] 
[2025-10-31 18:15:42] [uDOS> ECHO ""] 
[2025-10-31 18:15:42] [[SYSTEM|ERROR*Invalid command: ECHO ""]] 
[2025-10-31 18:15:42] [SESSION END] 
