[2025-11-04 21:57:36] [SESSION START] 
[2025-11-04 21:57:36] [uDOS> [SYSTEM|STATUS]] 
[2025-11-04 21:57:36] [<ERROR_INVALID_UCODE_FORMAT>] 
[2025-11-04 21:57:36] [uDOS> [SYSTEM|HISTORY*STATS]] 
[2025-11-04 21:57:36] [📊 Command History Statistics:
┌──────────────────────────────────────────────────────────────────────────────┐
│ Total Commands:     28         │ Unique Commands:   22         │
│ Recent Activity:    14         │ Database Size:     ~2800B     │
├──────────────────────────────────────────────────────────────────────────────┤
│ Top Command Types:                                                          │
│   HISTORY              6          times                                          │
│   STATUS               3          times                                          │
│   MAP                  3          times                                          │
│   OUTPUT LIST          2          times                                          │
│   HELP                 2          times                                          │
└──────────────────────────────────────────────────────────────────────────────┘
📁 Database: memory/logs/command_history.db] 
[2025-11-04 21:57:36] [uDOS> [MAP|STATUS]] 
[2025-11-04 21:57:36] [No user configuration found. Run setup first.] 
[2025-11-04 21:57:36] [SESSION END] 
