[2025-11-02 13:04:49] [SESSION START] 
[2025-11-02 13:04:49] [uDOS> HELP HISTORY] 
[2025-11-02 13:04:49] [╔══════════════════════════════════════════════════════════════════════════════╗
║  📖 HISTORY                                                                   ║
╠══════════════════════════════════════════════════════════════════════════════╣
║  Description:                                                                ║
║     Enhanced command history management with intelligent search,             ║
║    statistics, and export capabilities.                                      ║
║                                                                              ║
║  Syntax:                                                                     ║
║    HISTORY [SEARCH <query>|STATS|CLEAR [days]|EXPORT <file>|RECENT [count]]  ║
║                                                                              ║
║  uCODE Format:                                                               ║
║    [SYSTEM|HISTORY*$1*$2*$3]                                                 ║
╚══════════════════════════════════════════════════════════════════════════════╝
] 
[2025-11-02 13:04:49] [uDOS> HISTORY] 
[2025-11-02 13:04:49] [📜 No command history available] 
[2025-11-02 13:04:49] [uDOS> HISTORY STATS] 
[2025-11-02 13:04:49] [📊 Command History Statistics:
┌──────────────────────────────────────────────────────────────────────────────┐
│ Total Commands:     0          │ Unique Commands:   0          │
│ Recent Activity:    0          │ Database Size:     ~0B        │
├──────────────────────────────────────────────────────────────────────────────┤
│ Top Command Types:                                                          │
└──────────────────────────────────────────────────────────────────────────────┘
📁 Database: memory/logs/command_history.db] 
[2025-11-02 13:04:49] [SESSION END] 
