[2025-11-04 22:10:56] [SESSION START] 
[2025-11-04 22:10:56] [uDOS> HELP UNDO] 
[2025-11-04 22:10:56] [╔══════════════════════════════════════════════════════════════════════════════╗
║  📖 UNDO                                                                      ║
╠══════════════════════════════════════════════════════════════════════════════╣
║  Description:                                                                ║
║     Undoes the last reversible operation.                                    ║
║                                                                              ║
║  Syntax:                                                                     ║
║    UNDO                                                                      ║
║                                                                              ║
║  uCODE Format:                                                               ║
║    [SYSTEM|UNDO]                                                             ║
╚══════════════════════════════════════════════════════════════════════════════╝
] 
[2025-11-04 22:10:56] [uDOS> HELP REDO] 
[2025-11-04 22:10:56] [╔══════════════════════════════════════════════════════════════════════════════╗
║  📖 REDO                                                                      ║
╠══════════════════════════════════════════════════════════════════════════════╣
║  Description:                                                                ║
║     Redoes the last undone operation.                                        ║
║                                                                              ║
║  Syntax:                                                                     ║
║    REDO                                                                      ║
║                                                                              ║
║  uCODE Format:                                                               ║
║    [SYSTEM|REDO]                                                             ║
╚══════════════════════════════════════════════════════════════════════════════╝
] 
[2025-11-04 22:10:56] [uDOS> RESTORE] 
[2025-11-04 22:10:56] [<ERROR_UNKNOWN_SYSTEM_COMMAND>] 
[2025-11-04 22:10:56] [uDOS> RESTORE LIST] 
[2025-11-04 22:10:56] [<ERROR_UNKNOWN_SYSTEM_COMMAND>] 
[2025-11-04 22:10:56] [uDOS> HISTORY] 
[2025-11-04 22:10:56] [📜 Recent Commands (last 10):
┌──────────────────────────────────────────────────────────────────────────────┐
│  1. HISTORY                                                                │
│  2. RESTORE LIST                                                           │
│  3. RESTORE                                                                │
│  4. HELP REDO                                                              │
│  5. HELP UNDO                                                              │
│  6. [MAP|STATUS]                                                           │
│  7. [SYSTEM|HISTORY*STATS]                                                 │
│  8. [SYSTEM|STATUS]                                                        │
│  9. [SYSTEM|HISTORY*LIST]                                                  │
│ 10. [FILE|WORKSPACE*LIST]                                                  │
└──────────────────────────────────────────────────────────────────────────────┘
💡 Use 'HISTORY SEARCH <term>' to find specific commands] 
[2025-11-04 22:10:56] [uDOS> UNDO] 
[2025-11-04 22:10:56] [<ERROR_UNKNOWN_SYSTEM_COMMAND>] 
[2025-11-04 22:10:56] [uDOS> REDO] 
[2025-11-04 22:10:56] [<ERROR_UNKNOWN_SYSTEM_COMMAND>] 
[2025-11-04 22:10:56] [SESSION END] 
