[2025-11-04 21:57:55] [SESSION START] 
[2025-11-04 21:57:55] [uDOS> [SYSTEM|STATUS]] 
[2025-11-04 21:57:55] [<ERROR_INVALID_UCODE_FORMAT>] 
[2025-11-04 21:57:55] [uDOS> [SYSTEM|HISTORY*STATS]] 
[2025-11-04 21:57:55] [📊 Command History Statistics:
┌──────────────────────────────────────────────────────────────────────────────┐
│ Total Commands:     29         │ Unique Commands:   23         │
│ Recent Activity:    15         │ Database Size:     ~2900B     │
├──────────────────────────────────────────────────────────────────────────────┤
│ Top Command Types:                                                          │
│   HISTORY              6          times                                          │
│   STATUS               3          times                                          │
│   MAP                  3          times                                          │
│   OUTPUT LIST          2          times                                          │
│   HELP                 2          times                                          │
└──────────────────────────────────────────────────────────────────────────────┘
📁 Database: memory/logs/command_history.db] 
[2025-11-04 21:57:55] [uDOS> [MAP|STATUS]] 
[2025-11-04 21:57:55] [No user configuration found. Run setup first.] 
[2025-11-04 21:57:55] [SESSION END] 
