[2025-10-31 15:43:34] [SESSION START] 
[2025-10-31 15:43:35] [uDOS> THEME] 
[2025-10-31 15:43:35] [
🎭 Current Theme
============================================================

  ⚔️ Dungeon Crawler (DUNGEON)
  Style: NetHack-inspired fantasy adventure
  Verbosity: HIGH

  Explore the depths of data like a classic roguelike dungeon crawl

  Use THEME LIST to see all available themes
  Use THEME SET <name> to change theme
] 
[2025-10-31 15:43:35] [uDOS> THEME LIST] 
[2025-10-31 15:43:35] [
[1m🎭 Available Themes:[0m

  1. ⚔️ [95mDungeon Crawler[0m (DUNGEON)
     [90mNetHack-inspired fantasy adventure[0m
     Verbosity: HIGH

  2. 🚀 [95mGalactic Hitchhiker[0m (GALAXY)
     [90mDouglas Adams-inspired sci-fi comedy[0m
     Verbosity: VERY_HIGH

  3. 📊 [95mFoundation Protocol[0m (FOUNDATION)
     [90mIsaac Asimov / Apple TV Foundation series[0m
     Verbosity: MEDIUM
] 
[2025-10-31 15:43:35] [uDOS> THEME STATUS] 
[2025-10-31 15:43:35] [
🎭 Current Theme
============================================================

  ⚔️ Dungeon Crawler (DUNGEON)
  Style: NetHack-inspired fantasy adventure
  Verbosity: HIGH

  Explore the depths of data like a classic roguelike dungeon crawl

  Use THEME LIST to see all available themes
  Use THEME SET <name> to change theme
] 
[2025-10-31 15:43:35] [uDOS> THEME GALAXY] 
[2025-10-31 15:43:35] [
✅ Theme changed successfully!

  Old: DUNGEON
  New: 🚀 Galactic Hitchhiker (GALAXY)
  Style: Douglas Adams-inspired sci-fi comedy

⚠️  Restart uDOS to apply changes:
   ./start_udos.sh

💡 After restart, use HELP to see new command vocabulary
] 
[2025-10-31 15:43:35] [uDOS> THEME] 
[2025-10-31 15:43:35] [
🎭 Current Theme
============================================================

  🚀 Galactic Hitchhiker (GALAXY)
  Style: Douglas Adams-inspired sci-fi comedy
  Verbosity: VERY_HIGH

  Navigate the improbability of data with a towel and a sense of humor

  Use THEME LIST to see all available themes
  Use THEME SET <name> to change theme
] 
[2025-10-31 15:43:35] [uDOS> THEME FOUNDATION] 
[2025-10-31 15:43:35] [
✅ Theme changed successfully!

  Old: GALAXY
  New: 📊 Foundation Protocol (FOUNDATION)
  Style: Isaac Asimov / Apple TV Foundation series

⚠️  Restart uDOS to apply changes:
   ./start_udos.sh

💡 After restart, use HELP to see new command vocabulary
] 
[2025-10-31 15:43:35] [uDOS> THEME] 
[2025-10-31 15:43:35] [
🎭 Current Theme
============================================================

  📊 Foundation Protocol (FOUNDATION)
  Style: Isaac Asimov / Apple TV Foundation series
  Verbosity: MEDIUM

  Preserve human knowledge and build the Encyclopedia for colony survival

  Use THEME LIST to see all available themes
  Use THEME SET <name> to change theme
] 
[2025-10-31 15:43:35] [uDOS> THEME SET DUNGEON] 
[2025-10-31 15:43:35] [
✅ Theme changed successfully!

  Old: FOUNDATION
  New: ⚔️ Dungeon Crawler (DUNGEON)
  Style: NetHack-inspired fantasy adventure

⚠️  Restart uDOS to apply changes:
   ./start_udos.sh

💡 After restart, use HELP to see new command vocabulary
] 
[2025-10-31 15:43:35] [uDOS> THEME STATUS] 
[2025-10-31 15:43:35] [
🎭 Current Theme
============================================================

  ⚔️ Dungeon Crawler (DUNGEON)
  Style: NetHack-inspired fantasy adventure
  Verbosity: HIGH

  Explore the depths of data like a classic roguelike dungeon crawl

  Use THEME LIST to see all available themes
  Use THEME SET <name> to change theme
] 
[2025-10-31 15:43:35] [SESSION END] 
