[2025-10-30 20:40:39] [SESSION START] 
[2025-10-30 20:40:39] [uDOS> GRID PANEL CREATE "session_test"] 
[2025-10-30 20:40:39] [ACTION] {"timestamp":"2025-10-30 20:40:39","type":"PANEL_CREATE","data":{"panel_name":"session_test"}}
[2025-10-30 20:40:39] [A new slate 'session_test' materializes.] 
[2025-10-30 20:40:39] [uDOS> GRID PANEL CREATE "restore_demo"] 
[2025-10-30 20:40:39] [ACTION] {"timestamp":"2025-10-30 20:40:39","type":"PANEL_CREATE","data":{"panel_name":"restore_demo"}}
[2025-10-30 20:40:39] [A new slate 'restore_demo' materializes.] 
[2025-10-30 20:40:39] [uDOS> STATUS] 
[2025-10-30 20:40:39] [============================================================
📊 uDOS SYSTEM STATUS
============================================================

🌐 Connection Mode: LIMITED

Capabilities:
  ⚠️  AI Commands (Offline mode)
  ✅ Git Operations
  ✅ Web Browsing
  ✅ Local File Operations
  ✅ Offline Logic Engine


📐 Display Configuration:
  Terminal: 80×24 characters
  Device: TERMINAL
  Grid: 20×12 cells
  Total cells: 240

👤 User Profile:
  Name: fredbook
  Timezone: UTC
  Location: Unknown
  Mode: STANDARD

🏥 System Health:
  Python: ✅
  Dependencies: ⚠️ Missing: google-generativeai, python-dotenv

📜 Action History:
  Undo stack: 2 actions
  Redo stack: 0 actions

============================================================] 
[2025-10-30 20:40:39] [uDOS> RESTORE LIST] 
[2025-10-30 20:40:39] [Available sessions for restore:

→ Session #1: 2025-10-30 20:40:39
   Started: 2025-10-30 20:40:39
   Ended: In Progress
   Actions: 2

  Session #2: 2025-10-30 20:36:19
   Started: 2025-10-30 20:36:19
   Ended: 2025-10-30 20:36:20
   Actions: 0

  Session #3: 2025-10-30 20:35:32
   Started: 2025-10-30 20:35:32
   Ended: 2025-10-30 20:35:34
   Actions: 3

  Session #4: 2025-10-30 20:30:29
   Started: 2025-10-30 20:30:29
   Ended: 2025-10-30 20:30:31
   Actions: 0

  Session #5: 2025-10-30 20:14:47
   Started: 2025-10-30 20:14:47
   Ended: 2025-10-30 20:14:47
   Actions: 0

  Session #6: 2025-10-30 20:14:37
   Started: 2025-10-30 20:14:37
   Ended: 2025-10-30 20:14:41
   Actions: 0

  Session #7: 2025-10-30 20:03:33
   Started: 2025-10-30 20:03:33
   Ended: In Progress
   Actions: 0

  Session #8: 2025-10-30 19:56:54
   Started: 2025-10-30 19:56:54
   Ended: 2025-10-30 19:56:54
   Actions: 0

  Session #9: 2025-10-30 19:56:16
   Started: 2025-10-30 19:56:16
   Ended: 2025-10-30 19:56:16
   Actions: 0

  Session #10: 2025-10-30 19:54:47
   Started: 2025-10-30 19:54:47
   Ended: 2025-10-30 19:54:47
   Actions: 0

  Session #11: 2025-10-30 19:54:36
   Started: 2025-10-30 19:54:36
   Ended: 2025-10-30 19:54:36
   Actions: 0

  Session #12: 2025-10-30 19:54:31
   Started: 2025-10-30 19:54:31
   Ended: 2025-10-30 19:54:32
   Actions: 0

  Session #13: 2025-10-30 19:53:42
   Started: 2025-10-30 19:53:42
   Ended: 2025-10-30 19:53:43
   Actions: 0

  Session #14: 2025-10-30 19:37:59
   Started: 2025-10-30 19:37:59
   Ended: In Progress
   Actions: 0

  Session #15: 2025-10-30 19:34:42
   Started: 2025-10-30 19:34:42
   Ended: 2025-10-30 19:34:43
   Actions: 0

Use RESTORE <number> to restore to that session.
Example: RESTORE 2 (restores to previous session)] 
[2025-10-30 20:40:39] [uDOS> REBOOT] 
[2025-10-30 20:40:39] [🔄 REBOOT PRE-FLIGHT CHECK
==================================================

✅ Python version OK
⚠️  Missing dependencies: google-generativeai, python-dotenv

⚠️  Warnings:
  ⚠️  Ensure all panels are saved before rebooting
  ⚠️  File structure issues detected

Rebooting will:
  • Re-detect terminal viewport and device type
  • Re-check internet connectivity
  • Reload user profile
  • Clear action history
  • Start fresh session log

🔄 Restarting uDOS...
] 
[2025-10-30 20:40:39] [SESSION END] 
