[2025-11-04 22:25:38] [SESSION START] 
[2025-11-04 22:25:38] [uDOS> HELP UNDO] 
[2025-11-04 22:25:38] [╔══════════════════════════════════════════════════════════════════════════════╗
║  📖 UNDO                                                                      ║
╠══════════════════════════════════════════════════════════════════════════════╣
║  Description:                                                                ║
║     Undoes the last reversible operation.                                    ║
║                                                                              ║
║  Syntax:                                                                     ║
║    UNDO                                                                      ║
║                                                                              ║
║  uCODE Format:                                                               ║
║    [SYSTEM|UNDO]                                                             ║
╚══════════════════════════════════════════════════════════════════════════════╝
] 
[2025-11-04 22:25:38] [uDOS> HELP REDO] 
[2025-11-04 22:25:38] [╔══════════════════════════════════════════════════════════════════════════════╗
║  📖 REDO                                                                      ║
╠══════════════════════════════════════════════════════════════════════════════╣
║  Description:                                                                ║
║     Redoes the last undone operation.                                        ║
║                                                                              ║
║  Syntax:                                                                     ║
║    REDO                                                                      ║
║                                                                              ║
║  uCODE Format:                                                               ║
║    [SYSTEM|REDO]                                                             ║
╚══════════════════════════════════════════════════════════════════════════════╝
] 
[2025-11-04 22:25:38] [uDOS> RESTORE] 
[2025-11-04 22:25:38] [╔══════════════════════════════════════════════════════════════════════════════╗
║  📜 SESSION HISTORY                                                           ║
╠══════════════════════════════════════════════════════════════════════════════╣
║  Current Session: #195                                                       ║
║                                                                              ║
║  Use RESTORE <session_num> to restore to a previous session.                 ║
║  All actions after that session will be undone.                              ║
║                                                                              ║
║  💡 Tip: Use HISTORY command for detailed command history.                    ║
╚══════════════════════════════════════════════════════════════════════════════╝] 
[2025-11-04 22:25:38] [uDOS> RESTORE LIST] 
[2025-11-04 22:25:38] [╔══════════════════════════════════════════════════════════════════════════════╗
║  📜 SESSION HISTORY                                                           ║
╠══════════════════════════════════════════════════════════════════════════════╣
║  Current Session: #195                                                       ║
║                                                                              ║
║  Use RESTORE <session_num> to restore to a previous session.                 ║
║  All actions after that session will be undone.                              ║
║                                                                              ║
║  💡 Tip: Use HISTORY command for detailed command history.                    ║
╚══════════════════════════════════════════════════════════════════════════════╝] 
[2025-11-04 22:25:38] [uDOS> HISTORY] 
[2025-11-04 22:25:38] [📜 Recent Commands (last 10):
┌──────────────────────────────────────────────────────────────────────────────┐
│  1. REDO                                                                   │
│  2. UNDO                                                                   │
│  3. HISTORY                                                                │
│  4. RESTORE LIST                                                           │
│  5. RESTORE                                                                │
│  6. HELP REDO                                                              │
│  7. HELP UNDO                                                              │
│  8. RESTORE                                                                │
│  9. REDO                                                                   │
│ 10. UNDO                                                                   │
└──────────────────────────────────────────────────────────────────────────────┘
💡 Use 'HISTORY SEARCH <term>' to find specific commands] 
[2025-11-04 22:25:38] [uDOS> UNDO] 
[2025-11-04 22:25:38] [⚠️  Nothing to undo.] 
[2025-11-04 22:25:38] [uDOS> REDO] 
[2025-11-04 22:25:38] [⚠️  Nothing to redo.] 
[2025-11-04 22:25:38] [SESSION END] 
