[2025-11-01 22:24:55] [SESSION START] 
[2025-11-01 22:24:55] [uDOS> SPLASH "--- STARTING SHAKEDOWN TEST ---"] 
[2025-11-01 22:24:55] [?UNKNOWN INCANTATION: SPLASH] 
[2025-11-01 22:24:55] [uDOS> SPLASH "Testing: HELP"] 
[2025-11-01 22:24:55] [?UNKNOWN INCANTATION: SPLASH] 
[2025-11-01 22:24:55] [uDOS> HELP] 
[2025-11-01 22:24:55] [HELP command - to be refactored] 
[2025-11-01 22:24:55] [uDOS> HELP STATUS] 
[2025-11-01 22:24:55] [HELP command - to be refactored] 
[2025-11-01 22:24:55] [uDOS> SPLASH "Testing: STATUS"] 
[2025-11-01 22:24:55] [?UNKNOWN INCANTATION: SPLASH] 
[2025-11-01 22:24:55] [uDOS> STATUS] 
[2025-11-01 22:24:55] [STATUS command - to be refactored] 
[2025-11-01 22:24:55] [uDOS> SPLASH "Testing: VIEWPORT"] 
[2025-11-01 22:24:55] [?UNKNOWN INCANTATION: SPLASH] 
[2025-11-01 22:24:55] [uDOS> VIEWPORT] 
[2025-11-01 22:24:55] [┌──────────────────────────────────────────────────────────────────────────────┐
│                       uDOS Viewport: 80×24 (TERMINAL)                        │
├──────────────────────────────────────────────────────────────────────────────┤
│░░░░░░░░░░░░░░░░░░░░░░░░░░░░░░░░░░░░░░░░░░░░░░░░░░░░░░░░░░░░░░░░░░░░░░░░░░░░░░░░│
│░░░░░░░░░░░░░░░░░░░░░░░░░░░░░░░░░░░░░░░░░░░░░░░░░░░░░░░░░░░░░░░░░░░░░░░░░░░░░░░░│
│░░░░░░░░░░░░░░░░░░░░░░░░░░░░░░░░░░░░░░░░░░░░░░░░░░░░░░░░░░░░░░░░░░░░░░░░░░░░░░░░│
│░░░░░░░░░░░░░░░░░░░░░░░░░░░░░░░░░░░░░░░░░░░░░░░░░░░░░░░░░░░░░░░░░░░░░░░░░░░░░░░░│
│░░░░░░░░░░░░░░░░░░░░░░░░░░░░░░░░░░░░░░░░░░░░░░░░░░░░░░░░░░░░░░░░░░░░░░░░░░░░░░░░│
│░░░░░░░░░░░░░░░░░░░░░░░░░░░░░░░░░░░░░░░░░░░░░░░░░░░░░░░░░░░░░░░░░░░░░░░░░░░░░░░░│
│░░░░░░░░░░░░░░░░░░░░░░░░░░░░░░░░░░░░░░░░░░░░░░░░░░░░░░░░░░░░░░░░░░░░░░░░░░░░░░░░│
│░░░░░░░░░░░░░░░░░░░░░░░░░░░░░░░░░░░░░░░░░░░░░░░░░░░░░░░░░░░░░░░░░░░░░░░░░░░░░░░░│
│░░░░░░░░░░░░░░░░░░░░░░░░░░░░░░░░░░░░░░░░░░░░░░░░░░░░░░░░░░░░░░░░░░░░░░░░░░░░░░░░│
│░░░░░░░░░░░░░░░░░░░░░░░░░░░░░░░░░░░░░░░░░░░░░░░░░░░░░░░░░░░░░░░░░░░░░░░░░░░░░░░░│
│                                   ... more ...                                   │
├──────────────────────────────────────────────────────────────────────────────┤
│                        Grid: 20×12 cells (240 total)                         │
└──────────────────────────────────────────────────────────────────────────────┘] 
[2025-11-01 22:24:55] [uDOS> SPLASH "Testing: PALETTE"] 
[2025-11-01 22:24:55] [?UNKNOWN INCANTATION: SPLASH] 
[2025-11-01 22:24:55] [uDOS> PALETTE] 
[2025-11-01 22:24:55] [PALETTE command - to be refactored] 
[2025-11-01 22:24:55] [uDOS> SPLASH "Testing: DASH"] 
[2025-11-01 22:24:55] [?UNKNOWN INCANTATION: SPLASH] 
[2025-11-01 22:24:55] [uDOS> DASH] 
[2025-11-01 22:24:55] [DASHBOARD command - to be refactored] 
[2025-11-01 22:24:55] [uDOS> SPLASH "Testing: TREE"] 
[2025-11-01 22:24:55] [?UNKNOWN INCANTATION: SPLASH] 
[2025-11-01 22:24:55] [uDOS> TREE core --depth=1] 
[2025-11-01 22:24:55] [TREE command - to be refactored] 
[2025-11-01 22:24:55] [uDOS> SPLASH "Testing: CONFIG"] 
[2025-11-01 22:24:55] [?UNKNOWN INCANTATION: SPLASH] 
[2025-11-01 22:24:55] [uDOS> CONFIG list] 
[2025-11-01 22:24:55] [CONFIG command - to be refactored] 
[2025-11-01 22:24:55] [uDOS> SPLASH "Testing: MAP"] 
[2025-11-01 22:24:55] [?UNKNOWN INCANTATION: SPLASH] 
[2025-11-01 22:24:55] [uDOS> MAP] 
[2025-11-01 22:24:55] [?CORRUPTED SPELL: [MAP|STATUS] (No module named 'core.uDOS_map')] 
[2025-11-01 22:24:55] [uDOS> SPLASH "Testing: File Operations"] 
[2025-11-01 22:24:55] [?UNKNOWN INCANTATION: SPLASH] 
[2025-11-01 22:24:55] [uDOS> NEW sandbox/test_file.txt] 
[2025-11-01 22:25:12] [❌ File creation cancelled] 
[2025-11-01 22:25:12] [uDOS> SHOW sandbox/test_file.txt] 
[2025-11-01 22:25:12] [?UNKNOWN INCANTATION: SHOW] 
[2025-11-01 22:25:12] [uDOS> COPY sandbox/test_file.txt sandbox/test_file_copy.txt] 
[2025-11-01 22:25:12] [❌ Source file not found: sandbox/test_file.txt] 
[2025-11-01 22:25:12] [uDOS> RENAME sandbox/test_file_copy.txt sandbox/test_file_renamed.txt] 
[2025-11-01 22:25:12] [❌ File not found: sandbox/test_file_copy.txt] 
[2025-11-01 22:25:12] [uDOS> MOVE sandbox/test_file_renamed.txt memory/test_file_moved.txt] 
[2025-11-01 22:25:15] [❌ Move cancelled] 
[2025-11-01 22:25:15] [uDOS> DELETE sandbox/test_file.txt] 
[2025-11-01 22:25:17] [❌ Delete cancelled] 
[2025-11-01 22:25:17] [uDOS> DELETE memory/test_file_moved.txt] 
[2025-11-01 22:25:17] [❌ Delete cancelled] 
[2025-11-01 22:25:17] [uDOS> SPLASH "Testing: AI Commands (may fail if API key is not set)"] 
[2025-11-01 22:25:17] [?UNKNOWN INCANTATION: SPLASH] 
[2025-11-01 22:25:17] [uDOS> ASK "What is the purpose of uDOS?"] 
[2025-11-01 22:25:17] [An error occurred while running the script: replace() argument 2 must be str, not None] 
[2025-11-01 22:25:17] [SESSION END] 
