[2025-10-31 18:15:20] [SESSION START] 
[2025-10-31 18:15:21] [uDOS> CATALOG] 
[2025-10-31 18:15:21] [❌ Command 'LIST' has been removed in uDOS v1.1

Suggested alternatives:
  • Use TREE to view repository structure
  • Use EDIT to edit files
  • Use SHOW to view files in browser
  • Use RUN to execute script files] 
[2025-10-31 18:15:21] [uDOS> GRID PANEL CREATE "test_panel"] 
[2025-10-31 18:15:21] [❌ GRID panel commands have been removed in uDOS v1.1

The panel system has been simplified. Commands now work
directly with files and the terminal output.] 
[2025-10-31 18:15:21] [uDOS> LOAD "README.MD" TO "test_panel"] 
[2025-10-31 18:15:21] [❌ Command 'LOAD' has been removed in uDOS v1.1

Suggested alternatives:
  • Use TREE to view repository structure
  • Use EDIT to edit files
  • Use SHOW to view files in browser
  • Use RUN to execute script files] 
[2025-10-31 18:15:21] [uDOS> GRID PANELS LIST] 
[2025-10-31 18:15:21] [❌ GRID panel commands have been removed in uDOS v1.1

The panel system has been simplified. Commands now work
directly with files and the terminal output.] 
[2025-10-31 18:15:21] [uDOS> SHOW "test_panel"] 
[2025-10-31 18:15:21] [❌ File not found test_panel] 
[2025-10-31 18:15:21] [uDOS> SAVE "test_panel" TO "sandbox/shakedown_save.txt"] 
[2025-10-31 18:15:21] [❌ Command 'SAVE' has been removed in uDOS v1.1

Suggested alternatives:
  • Use TREE to view repository structure
  • Use EDIT to edit files
  • Use SHOW to view files in browser
  • Use RUN to execute script files] 
[2025-10-31 18:15:21] [uDOS> ASK "Summarize the content of the test_panel" FROM "test_panel"] 
[2025-10-31 18:15:21] [?SLATE NOT FOUND: test_panel] 
[2025-10-31 18:15:21] [uDOS> SAVE "test_panel" TO "sandbox/mini_script.uscript"] 
[2025-10-31 18:15:21] [❌ Command 'SAVE' has been removed in uDOS v1.1

Suggested alternatives:
  • Use TREE to view repository structure
  • Use EDIT to edit files
  • Use SHOW to view files in browser
  • Use RUN to execute script files] 
[2025-10-31 18:15:21] [uDOS> RUN "sandbox/mini_script.uscript"] 
[2025-10-31 18:15:21] [The ritual 'sandbox/mini_script.uscript' has been completed.] 
[2025-10-31 18:15:21] [SESSION END] 
