[2025-10-30 20:36:19] [SESSION START] 
[2025-10-30 20:36:20] [uDOS> STATUS] 
[2025-10-30 20:36:20] [============================================================
📊 uDOS SYSTEM STATUS
============================================================

🌐 Connection Mode: LIMITED

Capabilities:
  ⚠️  AI Commands (Offline mode)
  ✅ Git Operations
  ✅ Web Browsing
  ✅ Local File Operations
  ✅ Offline Logic Engine


📐 Display Configuration:
  Terminal: 80×24 characters
  Device: TERMINAL
  Grid: 20×12 cells
  Total cells: 240

👤 User Profile:
  Name: fredbook
  Timezone: UTC
  Location: Unknown
  Mode: STANDARD

🏥 System Health:
  Python: ✅
  Dependencies: ⚠️ Missing: google-generativeai, python-dotenv

📜 Action History:
  Undo stack: 0 actions
  Redo stack: 0 actions

============================================================] 
[2025-10-30 20:36:20] [uDOS> REBOOT] 
[2025-10-30 20:36:20] [🔄 REBOOT PRE-FLIGHT CHECK
==================================================

✅ Python version OK
⚠️  Missing dependencies: google-generativeai, python-dotenv

⚠️  Warnings:
  ⚠️  Ensure all panels are saved before rebooting
  ⚠️  File structure issues detected

Rebooting will:
  • Re-detect terminal viewport and device type
  • Re-check internet connectivity
  • Reload user profile
  • Clear action history
  • Start fresh session log

🔄 Restarting uDOS...
] 
[2025-10-30 20:36:20] [SESSION END] 
