[2025-11-06 23:11:14] [SESSION START] 
[2025-11-06 23:11:14] [uDOS> ECHO "╔════════════════════════════════════════════════════════════════╗"] 
[2025-11-06 23:11:14] [[SYSTEM|ERROR*Invalid command: ECHO "╔════════════════════════════════════════════════════════════════╗"]] 
[2025-11-06 23:11:14] [uDOS> ECHO "║   SETUP Command Enhanced Testing - v1.0.12                     ║"] 
[2025-11-06 23:11:14] [[SYSTEM|ERROR*Invalid command: ECHO "║   SETUP Command Enhanced Testing - v1.0.12                     ║"]] 
[2025-11-06 23:11:14] [uDOS> ECHO "╚════════════════════════════════════════════════════════════════╝"] 
[2025-11-06 23:11:14] [[SYSTEM|ERROR*Invalid command: ECHO "╚════════════════════════════════════════════════════════════════╝"]] 
[2025-11-06 23:11:14] [uDOS> ECHO ""] 
[2025-11-06 23:11:14] [[SYSTEM|ERROR*Invalid command: ECHO ""]] 
[2025-11-06 23:11:14] [uDOS> ECHO "━━━━━━━━━━━━━━━━━━━━━━━━━━━━━━━━━━━━━━━━━━━━━━━━━━━━━━━━━━━━━━━━"] 
[2025-11-06 23:11:14] [[SYSTEM|ERROR*Invalid command: ECHO "━━━━━━━━━━━━━━━━━━━━━━━━━━━━━━━━━━━━━━━━━━━━━━━━━━━━━━━━━━━━━━━━"]] 
[2025-11-06 23:11:14] [uDOS> ECHO "📋 Test 1: SETUP HELP"] 
[2025-11-06 23:11:14] [[SYSTEM|ERROR*Invalid command: ECHO "📋 Test 1: SETUP HELP"]] 
[2025-11-06 23:11:14] [uDOS> ECHO "━━━━━━━━━━━━━━━━━━━━━━━━━━━━━━━━━━━━━━━━━━━━━━━━━━━━━━━━━━━━━━━━"] 
[2025-11-06 23:11:14] [[SYSTEM|ERROR*Invalid command: ECHO "━━━━━━━━━━━━━━━━━━━━━━━━━━━━━━━━━━━━━━━━━━━━━━━━━━━━━━━━━━━━━━━━"]] 
[2025-11-06 23:11:14] [uDOS> SETUP HELP] 
[2025-11-06 23:11:14] [{'theme': 'dungeon', 'viewport': 'auto', 'extensions': {'enable_web': True, 'enable_teletext': True, 'enable_dashboard': True}, 'advanced': {'developer_mode': False, 'debug_logging': False, 'experimental_features': False}}] 
[2025-11-06 23:11:14] [uDOS> ECHO ""] 
[2025-11-06 23:11:14] [[SYSTEM|ERROR*Invalid command: ECHO ""]] 
[2025-11-06 23:11:14] [uDOS> PAUSE 2] 
[2025-11-06 23:11:14] [[SYSTEM|ERROR*Invalid command: PAUSE 2]] 
[2025-11-06 23:11:14] [uDOS> ECHO "━━━━━━━━━━━━━━━━━━━━━━━━━━━━━━━━━━━━━━━━━━━━━━━━━━━━━━━━━━━━━━━━"] 
[2025-11-06 23:11:14] [[SYSTEM|ERROR*Invalid command: ECHO "━━━━━━━━━━━━━━━━━━━━━━━━━━━━━━━━━━━━━━━━━━━━━━━━━━━━━━━━━━━━━━━━"]] 
[2025-11-06 23:11:14] [uDOS> ECHO "⚡ Test 2: SETUP QUICK (Auto-defaults)"] 
[2025-11-06 23:11:14] [[SYSTEM|ERROR*Invalid command: ECHO "⚡ Test 2: SETUP QUICK (Auto-defaults)"]] 
[2025-11-06 23:11:14] [uDOS> ECHO "━━━━━━━━━━━━━━━━━━━━━━━━━━━━━━━━━━━━━━━━━━━━━━━━━━━━━━━━━━━━━━━━"] 
[2025-11-06 23:11:14] [[SYSTEM|ERROR*Invalid command: ECHO "━━━━━━━━━━━━━━━━━━━━━━━━━━━━━━━━━━━━━━━━━━━━━━━━━━━━━━━━━━━━━━━━"]] 
[2025-11-06 23:11:14] [uDOS> SETUP QUICK] 
[2025-11-06 23:11:14] [{'theme': 'dungeon', 'viewport': 'auto', 'extensions': {'enable_web': True, 'enable_teletext': True, 'enable_dashboard': True}, 'advanced': {'developer_mode': False, 'debug_logging': False, 'experimental_features': False}}] 
[2025-11-06 23:11:14] [uDOS> ECHO ""] 
[2025-11-06 23:11:14] [[SYSTEM|ERROR*Invalid command: ECHO ""]] 
[2025-11-06 23:11:14] [uDOS> PAUSE 2] 
[2025-11-06 23:11:14] [[SYSTEM|ERROR*Invalid command: PAUSE 2]] 
[2025-11-06 23:11:14] [uDOS> ECHO "━━━━━━━━━━━━━━━━━━━━━━━━━━━━━━━━━━━━━━━━━━━━━━━━━━━━━━━━━━━━━━━━"] 
[2025-11-06 23:11:14] [[SYSTEM|ERROR*Invalid command: ECHO "━━━━━━━━━━━━━━━━━━━━━━━━━━━━━━━━━━━━━━━━━━━━━━━━━━━━━━━━━━━━━━━━"]] 
[2025-11-06 23:11:14] [uDOS> ECHO "❌ Test 3: Invalid Mode (Error Handling)"] 
[2025-11-06 23:11:14] [[SYSTEM|ERROR*Invalid command: ECHO "❌ Test 3: Invalid Mode (Error Handling)"]] 
[2025-11-06 23:11:14] [uDOS> ECHO "━━━━━━━━━━━━━━━━━━━━━━━━━━━━━━━━━━━━━━━━━━━━━━━━━━━━━━━━━━━━━━━━"] 
[2025-11-06 23:11:14] [[SYSTEM|ERROR*Invalid command: ECHO "━━━━━━━━━━━━━━━━━━━━━━━━━━━━━━━━━━━━━━━━━━━━━━━━━━━━━━━━━━━━━━━━"]] 
[2025-11-06 23:11:14] [uDOS> SETUP INVALID] 
[2025-11-06 23:11:14] [{'theme': 'dungeon', 'viewport': 'auto', 'extensions': {'enable_web': True, 'enable_teletext': True, 'enable_dashboard': True}, 'advanced': {'developer_mode': False, 'debug_logging': False, 'experimental_features': False}}] 
[2025-11-06 23:11:14] [uDOS> ECHO ""] 
[2025-11-06 23:11:14] [[SYSTEM|ERROR*Invalid command: ECHO ""]] 
[2025-11-06 23:11:14] [uDOS> PAUSE 2] 
[2025-11-06 23:11:14] [[SYSTEM|ERROR*Invalid command: PAUSE 2]] 
[2025-11-06 23:11:14] [uDOS> ECHO "━━━━━━━━━━━━━━━━━━━━━━━━━━━━━━━━━━━━━━━━━━━━━━━━━━━━━━━━━━━━━━━━"] 
[2025-11-06 23:11:14] [[SYSTEM|ERROR*Invalid command: ECHO "━━━━━━━━━━━━━━━━━━━━━━━━━━━━━━━━━━━━━━━━━━━━━━━━━━━━━━━━━━━━━━━━"]] 
[2025-11-06 23:11:14] [uDOS> ECHO "🎨 Test 4: SETUP THEME (Theme Selection)"] 
[2025-11-06 23:11:14] [[SYSTEM|ERROR*Invalid command: ECHO "🎨 Test 4: SETUP THEME (Theme Selection)"]] 
[2025-11-06 23:11:14] [uDOS> ECHO "━━━━━━━━━━━━━━━━━━━━━━━━━━━━━━━━━━━━━━━━━━━━━━━━━━━━━━━━━━━━━━━━"] 
[2025-11-06 23:11:14] [[SYSTEM|ERROR*Invalid command: ECHO "━━━━━━━━━━━━━━━━━━━━━━━━━━━━━━━━━━━━━━━━━━━━━━━━━━━━━━━━━━━━━━━━"]] 
[2025-11-06 23:11:14] [uDOS> ECHO "Note: This will show interactive theme selection"] 
[2025-11-06 23:11:14] [[SYSTEM|ERROR*Invalid command: ECHO "Note: This will show interactive theme selection"]] 
[2025-11-06 23:11:14] [uDOS> ECHO ""] 
[2025-11-06 23:11:14] [[SYSTEM|ERROR*Invalid command: ECHO ""]] 
[2025-11-06 23:11:14] [uDOS> PAUSE 1] 
[2025-11-06 23:11:14] [[SYSTEM|ERROR*Invalid command: PAUSE 1]] 
[2025-11-06 23:11:14] [uDOS> ECHO "[Test skipped - interactive mode]"] 
[2025-11-06 23:11:14] [[SYSTEM|ERROR*Invalid command: ECHO "[Test skipped - interactive mode]"]] 
[2025-11-06 23:11:14] [uDOS> ECHO ""] 
[2025-11-06 23:11:14] [[SYSTEM|ERROR*Invalid command: ECHO ""]] 
[2025-11-06 23:11:14] [uDOS> PAUSE 2] 
[2025-11-06 23:11:14] [[SYSTEM|ERROR*Invalid command: PAUSE 2]] 
[2025-11-06 23:11:14] [uDOS> ECHO "━━━━━━━━━━━━━━━━━━━━━━━━━━━━━━━━━━━━━━━━━━━━━━━━━━━━━━━━━━━━━━━━"] 
[2025-11-06 23:11:14] [[SYSTEM|ERROR*Invalid command: ECHO "━━━━━━━━━━━━━━━━━━━━━━━━━━━━━━━━━━━━━━━━━━━━━━━━━━━━━━━━━━━━━━━━"]] 
[2025-11-06 23:11:14] [uDOS> ECHO "📐 Test 5: SETUP VIEWPORT (Viewport Config)"] 
[2025-11-06 23:11:14] [[SYSTEM|ERROR*Invalid command: ECHO "📐 Test 5: SETUP VIEWPORT (Viewport Config)"]] 
[2025-11-06 23:11:14] [uDOS> ECHO "━━━━━━━━━━━━━━━━━━━━━━━━━━━━━━━━━━━━━━━━━━━━━━━━━━━━━━━━━━━━━━━━"] 
[2025-11-06 23:11:14] [[SYSTEM|ERROR*Invalid command: ECHO "━━━━━━━━━━━━━━━━━━━━━━━━━━━━━━━━━━━━━━━━━━━━━━━━━━━━━━━━━━━━━━━━"]] 
[2025-11-06 23:11:14] [uDOS> ECHO "Note: This will show interactive viewport selection"] 
[2025-11-06 23:11:14] [[SYSTEM|ERROR*Invalid command: ECHO "Note: This will show interactive viewport selection"]] 
[2025-11-06 23:11:14] [uDOS> ECHO ""] 
[2025-11-06 23:11:14] [[SYSTEM|ERROR*Invalid command: ECHO ""]] 
[2025-11-06 23:11:14] [uDOS> PAUSE 1] 
[2025-11-06 23:11:14] [[SYSTEM|ERROR*Invalid command: PAUSE 1]] 
[2025-11-06 23:11:14] [uDOS> ECHO "[Test skipped - interactive mode]"] 
[2025-11-06 23:11:14] [[SYSTEM|ERROR*Invalid command: ECHO "[Test skipped - interactive mode]"]] 
[2025-11-06 23:11:14] [uDOS> ECHO ""] 
[2025-11-06 23:11:14] [[SYSTEM|ERROR*Invalid command: ECHO ""]] 
[2025-11-06 23:11:14] [uDOS> PAUSE 2] 
[2025-11-06 23:11:14] [[SYSTEM|ERROR*Invalid command: PAUSE 2]] 
[2025-11-06 23:11:14] [uDOS> ECHO "━━━━━━━━━━━━━━━━━━━━━━━━━━━━━━━━━━━━━━━━━━━━━━━━━━━━━━━━━━━━━━━━"] 
[2025-11-06 23:11:14] [[SYSTEM|ERROR*Invalid command: ECHO "━━━━━━━━━━━━━━━━━━━━━━━━━━━━━━━━━━━━━━━━━━━━━━━━━━━━━━━━━━━━━━━━"]] 
[2025-11-06 23:11:14] [uDOS> ECHO "🧩 Test 6: SETUP EXTENSIONS (Extension Management)"] 
[2025-11-06 23:11:14] [[SYSTEM|ERROR*Invalid command: ECHO "🧩 Test 6: SETUP EXTENSIONS (Extension Management)"]] 
[2025-11-06 23:11:14] [uDOS> ECHO "━━━━━━━━━━━━━━━━━━━━━━━━━━━━━━━━━━━━━━━━━━━━━━━━━━━━━━━━━━━━━━━━"] 
[2025-11-06 23:11:14] [[SYSTEM|ERROR*Invalid command: ECHO "━━━━━━━━━━━━━━━━━━━━━━━━━━━━━━━━━━━━━━━━━━━━━━━━━━━━━━━━━━━━━━━━"]] 
[2025-11-06 23:11:14] [uDOS> ECHO "Note: This will show interactive extension selection"] 
[2025-11-06 23:11:14] [[SYSTEM|ERROR*Invalid command: ECHO "Note: This will show interactive extension selection"]] 
[2025-11-06 23:11:14] [uDOS> ECHO ""] 
[2025-11-06 23:11:14] [[SYSTEM|ERROR*Invalid command: ECHO ""]] 
[2025-11-06 23:11:14] [uDOS> PAUSE 1] 
[2025-11-06 23:11:14] [[SYSTEM|ERROR*Invalid command: PAUSE 1]] 
[2025-11-06 23:11:14] [uDOS> ECHO "[Test skipped - interactive mode]"] 
[2025-11-06 23:11:14] [[SYSTEM|ERROR*Invalid command: ECHO "[Test skipped - interactive mode]"]] 
[2025-11-06 23:11:14] [uDOS> ECHO ""] 
[2025-11-06 23:11:14] [[SYSTEM|ERROR*Invalid command: ECHO ""]] 
[2025-11-06 23:11:14] [uDOS> PAUSE 2] 
[2025-11-06 23:11:14] [[SYSTEM|ERROR*Invalid command: PAUSE 2]] 
[2025-11-06 23:11:14] [uDOS> ECHO "━━━━━━━━━━━━━━━━━━━━━━━━━━━━━━━━━━━━━━━━━━━━━━━━━━━━━━━━━━━━━━━━"] 
[2025-11-06 23:11:14] [[SYSTEM|ERROR*Invalid command: ECHO "━━━━━━━━━━━━━━━━━━━━━━━━━━━━━━━━━━━━━━━━━━━━━━━━━━━━━━━━━━━━━━━━"]] 
[2025-11-06 23:11:14] [uDOS> ECHO "✅ Test Summary"] 
[2025-11-06 23:11:14] [[SYSTEM|ERROR*Invalid command: ECHO "✅ Test Summary"]] 
[2025-11-06 23:11:14] [uDOS> ECHO "━━━━━━━━━━━━━━━━━━━━━━━━━━━━━━━━━━━━━━━━━━━━━━━━━━━━━━━━━━━━━━━━"] 
[2025-11-06 23:11:14] [[SYSTEM|ERROR*Invalid command: ECHO "━━━━━━━━━━━━━━━━━━━━━━━━━━━━━━━━━━━━━━━━━━━━━━━━━━━━━━━━━━━━━━━━"]] 
[2025-11-06 23:11:14] [uDOS> ECHO "Tests completed:"] 
[2025-11-06 23:11:14] [[SYSTEM|ERROR*Invalid command: ECHO "Tests completed:"]] 
[2025-11-06 23:11:14] [uDOS> ECHO "  ✓ SETUP HELP - Help information displayed"] 
[2025-11-06 23:11:14] [[SYSTEM|ERROR*Invalid command: ECHO "  ✓ SETUP HELP - Help information displayed"]] 
[2025-11-06 23:11:14] [uDOS> ECHO "  ✓ SETUP QUICK - Quick setup with defaults"] 
[2025-11-06 23:11:14] [[SYSTEM|ERROR*Invalid command: ECHO "  ✓ SETUP QUICK - Quick setup with defaults"]] 
[2025-11-06 23:11:14] [uDOS> ECHO "  ✓ Invalid mode - Error handling verified"] 
[2025-11-06 23:11:14] [[SYSTEM|ERROR*Invalid command: ECHO "  ✓ Invalid mode - Error handling verified"]] 
[2025-11-06 23:11:14] [uDOS> ECHO "  ⊙ SETUP THEME - Interactive (skipped)"] 
[2025-11-06 23:11:14] [[SYSTEM|ERROR*Invalid command: ECHO "  ⊙ SETUP THEME - Interactive (skipped)"]] 
[2025-11-06 23:11:14] [uDOS> ECHO "  ⊙ SETUP VIEWPORT - Interactive (skipped)"] 
[2025-11-06 23:11:14] [[SYSTEM|ERROR*Invalid command: ECHO "  ⊙ SETUP VIEWPORT - Interactive (skipped)"]] 
[2025-11-06 23:11:14] [uDOS> ECHO "  ⊙ SETUP EXTENSIONS - Interactive (skipped)"] 
[2025-11-06 23:11:14] [[SYSTEM|ERROR*Invalid command: ECHO "  ⊙ SETUP EXTENSIONS - Interactive (skipped)"]] 
[2025-11-06 23:11:14] [uDOS> ECHO ""] 
[2025-11-06 23:11:14] [[SYSTEM|ERROR*Invalid command: ECHO ""]] 
[2025-11-06 23:11:14] [uDOS> ECHO "💡 To test interactive modes, uncomment the commands in this script"] 
[2025-11-06 23:11:14] [[SYSTEM|ERROR*Invalid command: ECHO "💡 To test interactive modes, uncomment the commands in this script"]] 
[2025-11-06 23:11:14] [uDOS> ECHO "   and run: ./start_udos.sh memory/tests/test_setup_enhanced.uscript"] 
[2025-11-06 23:11:14] [[SYSTEM|ERROR*Invalid command: ECHO "   and run: ./start_udos.sh memory/tests/test_setup_enhanced.uscript"]] 
[2025-11-06 23:11:14] [uDOS> ECHO ""] 
[2025-11-06 23:11:14] [[SYSTEM|ERROR*Invalid command: ECHO ""]] 
[2025-11-06 23:11:14] [uDOS> ECHO "╔════════════════════════════════════════════════════════════════╗"] 
[2025-11-06 23:11:14] [[SYSTEM|ERROR*Invalid command: ECHO "╔════════════════════════════════════════════════════════════════╗"]] 
[2025-11-06 23:11:14] [uDOS> ECHO "║   SETUP Command Testing Complete                               ║"] 
[2025-11-06 23:11:14] [[SYSTEM|ERROR*Invalid command: ECHO "║   SETUP Command Testing Complete                               ║"]] 
[2025-11-06 23:11:14] [uDOS> ECHO "╚════════════════════════════════════════════════════════════════╝"] 
[2025-11-06 23:11:14] [[SYSTEM|ERROR*Invalid command: ECHO "╚════════════════════════════════════════════════════════════════╝"]] 
[2025-11-06 23:11:14] [SESSION END] 
