[2025-10-31 18:31:14] [SESSION START] 
[2025-10-31 18:31:15] [uDOS> DASH] 
[2025-10-31 18:31:15] [╔══════════════════════════════════════════════════════════════════════════════╗
║                           🌀 uDOS DASHBOARD                                  ║
╠══════════════════════════════════════════════════════════════════════════════╣
║ 👤 USER PROFILE                                                               ║
║ ─────────────────────────────────────────────────────────────────────────────║
║  👨‍💻 fredbook                       📍 Unknown                               ║
║  🕐 UTC                         ⚙️  STANDARD                                 ║
╠══════════════════════════════════════════════════════════════════════════════╣
║ 💿 INSTALLATION INFO                                                          ║
║ ─────────────────────────────────────────────────────────────────────────────║
║  🐍 Python: 3.9.6              🌀 uDOS: v1.2                                               ║
║  📁 /Users/fredbook/uDOS                                                       ║
║  📦 Dependencies: ⚠️  Missing: google-generativeai, python-dotenv               ║
║  💾 Disk: ██████░░░░░░░░░░░░░░ 31.8% (314.1GB free)                           ║
╠══════════════════════════════════════════════════════════════════════════════╣
║ 📊 SYSTEM STATS                                                               ║
║ ─────────────────────────────────────────────────────────────────────────────║
║  🌐 Connection: 🟢 ONLINE        ██████████                                        ║
║  🖥️  Terminal: 67×22              Device: TERMINAL                                   ║
║  📐 Grid: 16×11                  Total Cells: 176                                 ║
║  ↶  Undo: ░░░░░░░░░░ (0)                ↷ Redo: ░░░░░░░░░░ (0)               ║
║  🗺️  Position: (0, 0)                   Layer: SURFACE                          ║
╠══════════════════════════════════════════════════════════════════════════════╣
║ 🌐 WEB SERVERS                                                                ║
║ ─────────────────────────────────────────────────────────────────────────────║
║   🟢 dashboard        ████████ http://localhost:8887     ⏱ 5h 22m             ║
║   🟢 font-editor      ████████ http://localhost:8888     ⏱ 5h 21m             ║
║   🟢 markdown-viewer  ████████ http://localhost:8889     ⏱ 5h 8m              ║
║  📈 Active: ██████░░░░ 3/5 server(s) running                                  ║
╠══════════════════════════════════════════════════════════════════════════════╣
║ 📁 SANDBOX                                                                    ║
║ ─────────────────────────────────────────────────────────────────────────────║
║  📄 Files: 9     📂 Dirs: 1     ███░░░░░░░░░░░░                              ║
║   📄 USER.UDO                                                              1 KB║
║   📄 test_all_themes.uscript                                              449 B║
║   📄 test_smart_theme.uscript                                              53 B║
╠══════════════════════════════════════════════════════════════════════════════╣
║ 💾 MEMORY                                                                     ║
║ ─────────────────────────────────────────────────────────────────────────────║
║  📝 Files: 1     📂 Dirs: 5     █░░░░░░░░░░░░░░                              ║
║   💾 README.md                                                             1 KB║
╠══════════════════════════════════════════════════════════════════════════════╣
║ ⚡ QUICK COMMANDS                                                             ║
║ ─────────────────────────────────────────────────────────────────────────────║
║  🔍 STATUS --live  │  🌐 OUTPUT LIST  │  🌳 TREE  │  ❓ HELP                     ║
║  🔄 REBOOT         │  🗑️  CLEAN  │  🛠️  REPAIR                                ║
╚══════════════════════════════════════════════════════════════════════════════╝

💡 Tip: Type 'DASH WEB' to open the interactive web dashboard
] 
[2025-10-31 18:31:15] [SESSION END] 
