[2025-10-31 15:41:29] [SESSION START] 
[2025-10-31 15:41:29] [uDOS> THEME GALAXY] 
[2025-10-31 15:41:29] [
✅ Theme changed successfully!

  Old: DUNGEON
  New: 🚀 Galactic Hitchhiker (GALAXY)
  Style: Douglas Adams-inspired sci-fi comedy

⚠️  Restart uDOS to apply changes:
   ./start_udos.sh

💡 After restart, use HELP to see new command vocabulary
] 
[2025-10-31 15:41:29] [uDOS> THEME STATUS] 
[2025-10-31 15:41:29] [
🎭 Current Theme
============================================================

  🚀 Galactic Hitchhiker (GALAXY)
  Style: Douglas Adams-inspired sci-fi comedy
  Verbosity: VERY_HIGH

  Navigate the improbability of data with a towel and a sense of humor

  Use THEME LIST to see all available themes
  Use THEME SET <name> to change theme
] 
[2025-10-31 15:41:29] [uDOS> THEME DUNGEON] 
[2025-10-31 15:41:29] [
✅ Theme changed successfully!

  Old: GALAXY
  New: ⚔️ Dungeon Crawler (DUNGEON)
  Style: NetHack-inspired fantasy adventure

⚠️  Restart uDOS to apply changes:
   ./start_udos.sh

💡 After restart, use HELP to see new command vocabulary
] 
[2025-10-31 15:41:29] [uDOS> THEME STATUS] 
[2025-10-31 15:41:29] [
🎭 Current Theme
============================================================

  ⚔️ Dungeon Crawler (DUNGEON)
  Style: NetHack-inspired fantasy adventure
  Verbosity: HIGH

  Explore the depths of data like a classic roguelike dungeon crawl

  Use THEME LIST to see all available themes
  Use THEME SET <name> to change theme
] 
[2025-10-31 15:41:29] [SESSION END] 
