[2025-10-31 17:18:21] [SESSION START] 
[2025-10-31 17:18:23] [uDOS> TREE --depth=2] 
[2025-10-31 17:18:23] [рџЊі REPOSITORY STRUCTURE (depth=2)
============================================================

uDOS/
в”њв”Ђв”Ђ core/
в”‚   в”њв”Ђв”Ђ __init__.py
в”‚   в”њв”Ђв”Ђ uDOS_commands.py
в”‚   в”њв”Ђв”Ђ uDOS_completer.py
в”‚   в”њв”Ђв”Ђ uDOS_connection.py
в”‚   в”њв”Ђв”Ђ uDOS_editor.py
в”‚   в”њв”Ђв”Ђ uDOS_env.py
в”‚   в”њв”Ђв”Ђ uDOS_graphics.py
в”‚   в”њв”Ђв”Ђ uDOS_grid.py
в”‚   в”њв”Ђв”Ђ uDOS_health.py
в”‚   в”њв”Ђв”Ђ uDOS_history.py
в”‚   в”њв”Ђв”Ђ uDOS_logger.py
в”‚   в”њв”Ђв”Ђ uDOS_main.py
в”‚   в”њв”Ђв”Ђ uDOS_map.py
в”‚   в”њв”Ђв”Ђ uDOS_offline.py
в”‚   в”њв”Ђв”Ђ uDOS_parser.py
в”‚   в”њв”Ђв”Ђ uDOS_picker.py
в”‚   в”њв”Ђв”Ђ uDOS_prompt.py
в”‚   в”њв”Ђв”Ђ uDOS_server.py
в”‚   в”њв”Ђв”Ђ uDOS_setup.py
в”‚   в”њв”Ђв”Ђ uDOS_splash.py
в”‚   в”њв”Ђв”Ђ uDOS_startup.py
в”‚   в”њв”Ђв”Ђ uDOS_theme.py
в”‚   в”њв”Ђв”Ђ uDOS_tree.py
в”‚   в”њв”Ђв”Ђ uDOS_ucode.py
в”‚   в”њв”Ђв”Ђ uDOS_user.py
в”‚   в”њв”Ђв”Ђ uDOS_variables.py
в”‚   в”њв”Ђв”Ђ uDOS_viewport.py
в”‚   в””в”Ђв”Ђ uDOS_viewport_viz.py
в”њв”Ђв”Ђ data/
в”‚   в”њв”Ђв”Ђ COMMANDS.UDO
в”‚   в”њв”Ђв”Ђ FAQ.UDO
в”‚   в”њв”Ђв”Ђ FONTS.UDO
в”‚   в”њв”Ђв”Ђ LEXICON.UDO
в”‚   в”њв”Ђв”Ђ PALETTE.UDO
в”‚   в”њв”Ђв”Ђ PROMPTS.UDO
в”‚   в”њв”Ђв”Ђ SETUP.USC
в”‚   в”њв”Ђв”Ђ STORY.UDT
в”‚   в”њв”Ђв”Ђ THEMES.UDO
в”‚   в”њв”Ђв”Ђ USER.UDT
в”‚   в””в”Ђв”Ђ WORLDMAP.UDO
в”њв”Ђв”Ђ docs/
в”‚   в”њв”Ђв”Ђ CHANGELOG.md
в”‚   в”њв”Ђв”Ђ CUSTOMIZATION-GUIDE.md
в”‚   в”њв”Ђв”Ђ IMPLEMENTATION-TRACKER.md
в”‚   в”њв”Ђв”Ђ OUTPUT-COMMAND-REFERENCE.md
в”‚   в”њв”Ђв”Ђ V1.2-OPTIMIZATION-SUMMARY.md
в”‚   в”њв”Ђв”Ђ V1.2-RELEASE.md
в”‚   в””в”Ђв”Ђ V1.2-VISUAL-IDENTITY-COMPLETE.md
в”њв”Ђв”Ђ examples/
в”‚   в”њв”Ђв”Ђ color_reference.py
в”‚   в”њв”Ђв”Ђ dashboard_example.txt
в”‚   в”њв”Ђв”Ђ help_detailed_example.txt
в”‚   в”њв”Ђв”Ђ help_example.txt
в”‚   в””в”Ђв”Ђ simple-setup.uscript
в”њв”Ђв”Ђ extensions/
в”‚   в”њв”Ђв”Ђ native/
в”‚   в”њв”Ђв”Ђ web/
в”‚   в”њв”Ђв”Ђ README.md
в”‚   в”њв”Ђв”Ђ setup_cmd.sh
в”‚   в”њв”Ђв”Ђ setup_micro.sh
в”‚   в”њв”Ђв”Ђ setup_monaspace.sh
в”‚   в””в”Ђв”Ђ setup_typo.sh
в”њв”Ђв”Ђ history/
в”‚   в”њв”Ђв”Ђ concepts/
в”‚   в”њв”Ђв”Ђ data/
в”‚   в”њв”Ђв”Ђ docs/
в”‚   в”њв”Ђв”Ђ docs_active/
в”‚   в”њв”Ђв”Ђ extensions/
в”‚   в”њв”Ђв”Ђ sandbox/
в”‚   в”њв”Ђв”Ђ ALIASES.UDO
в”‚   в””в”Ђв”Ђ uDOS.py
в”њв”Ђв”Ђ knowledge/
в”‚   в”њв”Ђв”Ђ commands/
в”‚   в”њв”Ђв”Ђ concepts/
в”‚   в”њв”Ђв”Ђ datasets/
в”‚   в”њв”Ђв”Ђ faq/
в”‚   в”њв”Ђв”Ђ maps/
в”‚   в”њв”Ђв”Ђ personal/
в”‚   в”њв”Ђв”Ђ KNOWLEDGE-SYSTEM.md
в”‚   в””в”Ђв”Ђ README.md
в”њв”Ђв”Ђ memory/
в”‚   в”њв”Ђв”Ђ archive/
в”‚   в”њв”Ђв”Ђ missions/
в”‚   в”њв”Ђв”Ђ research/
в”‚   в”њв”Ђв”Ђ scripts/
в”‚   в””в”Ђв”Ђ README.md
в”њв”Ђв”Ђ sandbox/
в”‚   в”њв”Ђв”Ђ tests/
в”‚   в”њв”Ђв”Ђ USER.UDO
в”‚   в”њв”Ђв”Ђ mini_script.uscript
в”‚   в”њв”Ђв”Ђ shakedown_save.txt
в”‚   в”њв”Ђв”Ђ test_all_themes.uscript
в”‚   в”њв”Ђв”Ђ test_commands.uscript
в”‚   в”њв”Ђв”Ђ test_markdown.md
в”‚   в”њв”Ђв”Ђ test_output.md
в”‚   в””в”Ђв”Ђ test_smart_theme.uscript
в”њв”Ђв”Ђ scripts/
в”‚   в”њв”Ђв”Ђ migrate_to_round19.py
в”‚   в”њв”Ђв”Ђ migrate_to_v1.2.py
в”‚   в””в”Ђв”Ђ test_visual_system.sh
в”њв”Ђв”Ђ wiki/
в”‚   в”њв”Ђв”Ђ Architecture.md
в”‚   в”њв”Ђв”Ђ Command-Reference.md
в”‚   в”њв”Ђв”Ђ Contributing.md
в”‚   в”њв”Ђв”Ђ FAQ.md
в”‚   в”њв”Ђв”Ђ Home.md
в”‚   в”њв”Ђв”Ђ Mapping-System.md
в”‚   в”њв”Ђв”Ђ Quick-Start.md
в”‚   в”њв”Ђв”Ђ README.md
в”‚   в”њв”Ђв”Ђ Style-Guide.md
в”‚   в”њв”Ђв”Ђ _Footer.md
в”‚   в”њв”Ђв”Ђ _Sidebar.md
в”‚   в””в”Ђв”Ђ uCODE-Language.md
в”њв”Ђв”Ђ .env.example
в”њв”Ђв”Ђ .gitignore
в”њв”Ђв”Ђ CONTRIBUTING.md
в”њв”Ђв”Ђ DEVELOPMENT.md
в”њв”Ђв”Ђ LICENSE.txt
в”њв”Ђв”Ђ README.MD
в”њв”Ђв”Ђ ROADMAP.MD
в”њв”Ђв”Ђ requirements.txt
в”њв”Ђв”Ђ start_udos.sh
в”њв”Ђв”Ђ structure.txt
в””в”Ђв”Ђ uDOS.py

============================================================
вњ… Structure saved to: /Users/fredbook/uDOS/structure.txt
   (Respects .gitignore and excludes hidden folders)
] 
[2025-10-31 17:18:23] [SESSION END] 
